<?xml version="1.0" encoding="UTF-8"?>
<testsuite name="TestSuite" time="241.666" tests="6" errors="0" skipped="0" failures="3">
  <properties>
[...]
</properties>
  <testcase name="onBoradingAction" classname="com.monsanto.TestScripts.TestScriptFarmRise" time="25.837"/>
  <testcase name="navigateWeatherAccessScreen" classname="com.monsanto.TestScripts.TestScriptFarmRise" time="4.725"/>
  <testcase name="verifyAppTimeAgainstSystemTime" classname="com.monsanto.TestScripts.TestScriptFarmRise" time="97.873">
    <failure message="expected [false] but found [true]" type="java.lang.AssertionError">java.lang.AssertionError: expected [false] but found [true]
	at org.testng.Assert.fail(Assert.java:94)
	at org.testng.Assert.failNotEquals(Assert.java:494)
	at org.testng.Assert.assertFalse(Assert.java:63)
	at org.testng.Assert.assertFalse(Assert.java:73)
	at com.monsanto.PageHelper.FarmRisePageHelper.scrollHorizontally(FarmRisePageHelper.java:258)
	at com.monsanto.PageHelper.FarmRisePageHelper.verifyHours(FarmRisePageHelper.java:229)
	at com.monsanto.TestScripts.TestScriptFarmRise.verifyAppTimeAgainstSystemTime(TestScriptFarmRise.java:39)
</failure>
    <system-out><![CDATA[[HTTP] --> POST /wd/hub/session/6d28dc6e-8969-495c-9f05-2f1e2144267d/elements {"using":"id","value":"com.climate.farmrise:id/hourlyValue"}
[debug] [MJSONWP] Calling AppiumDriver.findElements() with args: ["id","com.climate.farmrise:id/hourlyValue","6d28dc6e-8969-495c-9f05-2f1e2144267d"]
[debug] [BaseDriver] Valid locator strategies for this request: xpath, id, class name, accessibility id, -android uiautomator
[debug] [BaseDriver] Valid locator strategies for this request: xpath, id, class name, accessibility id, -android uiautomator
[debug] [BaseDriver] Waiting up to 80000 ms for condition
[debug] [AndroidBootstrap] Sending command to android: {"cmd":"action","action":"find","params":{"strategy":"id","selector":"com.climate.farmrise:id/hourlyValue","context":"","multiple":true}}
[debug] [AndroidBootstrap] [BOOTSTRAP LOG] [debug] Got data from client: {"cmd":"action","action":"find","params":{"strategy":"id","selector":"com.climate.farmrise:id/hourlyValue","context":"","multiple":true}}
[debug] [AndroidBootstrap] [BOOTSTRAP LOG] [debug] Got command of type ACTION
[debug] [AndroidBootstrap] [BOOTSTRAP LOG] [debug] Got command action: find
[debug] [AndroidBootstrap] [BOOTSTRAP LOG] [debug] Finding 'com.climate.farmrise:id/hourlyValue' using 'ID' with the contextId: '' multiple: true
[debug] [AndroidBootstrap] [BOOTSTRAP LOG] [debug] Using: UiSelector[RESOURCE_ID=com.climate.farmrise:id/hourlyValue]
[debug] [AndroidBootstrap] [BOOTSTRAP LOG] [debug] getElements selector:UiSelector[RESOURCE_ID=com.climate.farmrise:id/hourlyValue]
[debug] [AndroidBootstrap] [BOOTSTRAP LOG] [debug] Element[] is null: (0)
[debug] [AndroidBootstrap] [BOOTSTRAP LOG] [debug] getElements tmp selector:UiSelector[INSTANCE=0, RESOURCE_ID=com.climate.farmrise:id/hourlyValue]
[debug] [AndroidBootstrap] [BOOTSTRAP LOG] [debug] Element[] is null: (1)
[debug] [AndroidBootstrap] [BOOTSTRAP LOG] [debug] getElements tmp selector:UiSelector[INSTANCE=1, RESOURCE_ID=com.climate.farmrise:id/hourlyValue]
[debug] [AndroidBootstrap] [BOOTSTRAP LOG] [debug] Element[] is null: (2)
[debug] [AndroidBootstrap] [BOOTSTRAP LOG] [debug] getElements tmp selector:UiSelector[INSTANCE=2, RESOURCE_ID=com.climate.farmrise:id/hourlyValue]
[debug] [AndroidBootstrap] [BOOTSTRAP LOG] [debug] Element[] is null: (3)
[debug] [AndroidBootstrap] [BOOTSTRAP LOG] [debug] getElements tmp selector:UiSelector[INSTANCE=3, RESOURCE_ID=com.climate.farmrise:id/hourlyValue]
[debug] [AndroidBootstrap] [BOOTSTRAP LOG] [debug] Element[] is null: (4)
[debug] [AndroidBootstrap] [BOOTSTRAP LOG] [debug] getElements tmp selector:UiSelector[INSTANCE=4, RESOURCE_ID=com.climate.farmrise:id/hourlyValue]
[debug] [AndroidBootstrap] [BOOTSTRAP LOG] [debug] Element[] is null: (5)
[debug] [AndroidBootstrap] [BOOTSTRAP LOG] [debug] getElements tmp selector:UiSelector[INSTANCE=5, RESOURCE_ID=com.climate.farmrise:id/hourlyValue]
[debug] [AndroidBootstrap] [BOOTSTRAP LOG] [debug] Element[] is null: (6)
[debug] [AndroidBootstrap] [BOOTSTRAP LOG] [debug] getElements tmp selector:UiSelector[INSTANCE=6, RESOURCE_ID=com.climate.farmrise:id/hourlyValue]
[debug] [AndroidBootstrap] [BOOTSTRAP LOG] [debug] Returning result: {"status":0,"value":[{"ELEMENT":"59"},{"ELEMENT":"60"},{"ELEMENT":"61"},{"ELEMENT":"62"},{"ELEMENT":"63"},{"ELEMENT":"64"}]}
[debug] [AndroidBootstrap] Received command result from bootstrap
[debug] [MJSONWP] Responding to client with driver.findElements() result: [{"ELEMENT":"59"},{"ELEMENT":"60"},{"ELEMENT":"61"},{"ELEMENT":"62"},{"ELEMENT":"63"},{"ELEMENT":"64"}]
[HTTP] <-- POST /wd/hub/session/6d28dc6e-8969-495c-9f05-2f1e2144267d/elements 200 551 ms - 175 
[HTTP] --> GET /wd/hub/session/6d28dc6e-8969-495c-9f05-2f1e2144267d/element/60/text {}
[debug] [MJSONWP] Calling AppiumDriver.getText() with args: ["60","6d28dc6e-8969-495c-9f05-2f1e2144267d"]
[debug] [AndroidBootstrap] Sending command to android: {"cmd":"action","action":"element:getText","params":{"elementId":"60"}}
[debug] [AndroidBootstrap] [BOOTSTRAP LOG] [debug] Got data from client: {"cmd":"action","action":"element:getText","params":{"elementId":"60"}}
[debug] [AndroidBootstrap] [BOOTSTRAP LOG] [debug] Got command of type ACTION
[debug] [AndroidBootstrap] [BOOTSTRAP LOG] [debug] Got command action: getText
[debug] [AndroidBootstrap] [BOOTSTRAP LOG] [debug] Returning result: {"status":0,"value":"1 AM"}
[debug] [AndroidBootstrap] Received command result from bootstrap
[debug] [MJSONWP] Responding to client with driver.getText() result: "1 AM"
[HTTP] <-- GET /wd/hub/session/6d28dc6e-8969-495c-9f05-2f1e2144267d/element/60/text 200 28 ms - 78 
[HTTP] --> POST /wd/hub/session/6d28dc6e-8969-495c-9f05-2f1e2144267d/element {"using":"-android uiautomator","value":"new UiScrollable(new UiSelector().resourceId(\"com.climate.farmrise:id/hourlyWeatherForecastLayout\")).setAsHorizontalList().scrollIntoView(new UiSelector().text(\"12 AM\"))"}
[debug] [MJSONWP] Calling AppiumDriver.findElement() with args: ["-android uiautomator","new UiScrollable(new UiSelector().resourceId(\"com.climate.farmrise:id/hourlyWeatherForecastLayout\")).setAsHorizontalList().scrollIntoView(new UiSelector().text(\"12 AM\"))","6d28dc6e-8969-495c-9f05-2f1e2144267d"]
[debug] [BaseDriver] Valid locator strategies for this request: xpath, id, class name, accessibility id, -android uiautomator
[debug] [BaseDriver] Valid locator strategies for this request: xpath, id, class name, accessibility id, -android uiautomator
[debug] [BaseDriver] Waiting up to 80000 ms for condition
[debug] [AndroidBootstrap] Sending command to android: {"cmd":"action","action":"find","params":{"strategy":"-android uiautomator","selector":"new UiScrollable(new UiSelector().resourceId(\"com.climate.farmrise:id/hourlyWeatherForecastLayout\")).setAsHorizontalList().scrollIntoView(new UiSelector().text(\"12 AM\"))","context":"","multiple":false}}
[debug] [AndroidBootstrap] [BOOTSTRAP LOG] [debug] Got data from client: {"cmd":"action","action":"find","params":{"strategy":"-android uiautomator","selector":"new UiScrollable(new UiSelector().resourceId(\"com.climate.farmrise:id/hourlyWeatherForecastLayout\")).setAsHorizontalList().scrollIntoView(new UiSelector().text(\"12 AM\"))","context":"","multiple":false}}
[debug] [AndroidBootstrap] [BOOTSTRAP LOG] [debug] Got command of type ACTION
[debug] [AndroidBootstrap] [BOOTSTRAP LOG] [debug] Got command action: find
[debug] [AndroidBootstrap] [BOOTSTRAP LOG] [debug] Finding 'new UiScrollable(new UiSelector().resourceId("com.climate.farmrise:id/hourlyWeatherForecastLayout")).setAsHorizontalList().scrollIntoView(new UiSelector().text("12 AM"))' using 'ANDROID_UIAUTOMATOR' with the contextId: '' multiple: false
[debug] [AndroidBootstrap] [BOOTSTRAP LOG] [debug] Parsing scrollable: new UiScrollable(new UiSelector().resourceId("com.climate.farmrise:id/hourlyWeatherForecastLayout")).setAsHorizontalList().scrollIntoView(new UiSelector().text("12 AM"))
[debug] [AndroidBootstrap] [UIAUTO STDOUT] [APPIUM-UIAU
[debug] [AndroidBootstrap] [UIAUTO STDOUT] TO] [debug] UiSelector coerce type: class java.lang.String arg: "com.climate.farmrise:id/hourlyWeatherForecastLayout"[/APPIUM-UIAUTO]
[debug] [AndroidBootstrap] [BOOTSTRAP LOG] [debug] UiScrollable invoking method: public com.android.uiautomator.core.UiScrollable com.android.uiautomator.core.UiScrollable.setAsHorizontalList() args:
[debug] [AndroidBootstrap] [BOOTSTRAP LOG] [debug] UiScrollable invoking method: public boolean com.android.uiautomator.core.UiScrollable.scrollIntoView(com.android.uiautomator.core.UiObject) throws com.android.uiautomator.core.UiObjectNotFoundException args: new UiSelector().text("12 AM"),
[debug] [AndroidBootstrap] [BOOTSTRAP LOG] [debug] UiScrollable coerce type: class com.android.uiautomator.core.UiObject arg: new UiSelector().text("12 AM")
[debug] [AndroidBootstrap] [BOOTSTRAP LOG] [debug] UiSelector coerce type: class java.lang.String arg: "12 AM"
[debug] [AndroidBootstrap] [BOOTSTRAP LOG] [debug] Method name: scrollIntoView
[debug] [AndroidBootstrap] [BOOTSTRAP LOG] [debug] Setting uiObject for scrollIntoView
[debug] [AndroidBootstrap] [BOOTSTRAP LOG] [debug] Invoking method: public boolean com.android.uiautomator.core.UiScrollable.scrollIntoView(com.android.uiautomator.core.UiObject) throws com.android.uiautomator.core.UiObjectNotFoundException with: com.android.uiautomator.core.UiObject@b11bee5
[debug] [AndroidBootstrap] [BOOTSTRAP LOG] [debug] Invoke complete.
[debug] [AndroidBootstrap] [BOOTSTRAP LOG] [debug] Using: UiSelector[TEXT=12 AM]
[debug] [AndroidBootstrap] [BOOTSTRAP LOG] [debug] Failed to locate element. Clearing Accessibility cache and retrying.
[debug] [AndroidBootstrap] [BOOTSTRAP LOG] [debug] Finding 'new UiScrollable(new UiSelector().resourceId("com.climate.farmrise:id/hourlyWeatherForecastLayout")).setAsHorizontalList().scrollIntoView(new UiSelector().text("12 AM"))' using 'ANDROID_UIAUTOMATOR' with the contextId: '' multiple: false
[debug] [AndroidBootstrap] [BOOTSTRAP LOG] [debug] Parsing scrollable: new UiScrollable(new UiSelector().resourceId("com.climate.farmrise:id/hourlyWeatherForecastLayout")).setAsHorizontalList().scrollIntoView(new UiSelector().text("12 AM"))
[debug] [AndroidBootstrap] [BOOTSTRAP LOG] [debug] UiSelector coerce type: class java.lang.String arg: "com.climate.farmrise:id/hourlyWeatherForecastLayout"
[debug] [AndroidBootstrap] [BOOTSTRAP LOG] [debug] UiScrollable invoking method: public com.android.uiautomator.core.UiScrollable com.android.uiautomator.core.UiScrollable.setAsHorizontalList() args:
[debug] [AndroidBootstrap] [BOOTSTRAP LOG] [debug] UiScrollable invoking method: public boolean com.android.uiautomator.core.UiScrollable.scrollIntoView(com.android.uiautomator.core.UiObject) throws com.android.uiautomator.core.UiObjectNotFoundException args: new UiSelector().text("12 AM"),
[debug] [AndroidBootstrap] [BOOTSTRAP LOG] [debug] UiScrollable coerce type: class com.android.uiautomator.core.UiObject arg: new UiSelector().text("12 AM")
[debug] [AndroidBootstrap] [BOOTSTRAP LOG] [debug] UiSelector coerce type: class java.lang.String arg: "12 AM"
[debug] [AndroidBootstrap] [BOOTSTRAP LOG] [debug] Method name: scrollIntoView
[debug] [AndroidBootstrap] [BOOTSTRAP LOG] [debug] Setting uiObject for scrollIntoView
[debug] [AndroidBootstrap] [BOOTSTRAP LOG] [debug] Invoking method: public boolean com.android.uiautomator.core.UiScrollable.scrollIntoView(com.android.uiautomator.core.UiObject) throws com.android.uiautomator.core.UiObjectNotFoundException with: com.android.uiautomator.core.UiObject@8d63dba
[debug] [AndroidBootstrap] [BOOTSTRAP LOG] [debug] Invoke complete.
[debug] [AndroidBootstrap] [BOOTSTRAP LOG] [debug] Using: UiSelector[TEXT=12 AM]
[debug] [AndroidBootstrap] [BOOTSTRAP LOG] [debug] Returning result: {"status":7,"value":"No element found"}
[debug] [AndroidBootstrap] Received command result from bootstrap
[debug] [BaseDriver] Waited for 27498 ms so far
[debug] [AndroidBootstrap] Sending command to android: {"cmd":"action","action":"find","params":{"strategy":"-android uiautomator","selector":"new UiScrollable(new UiSelector().resourceId(\"com.climate.farmrise:id/hourlyWeatherForecastLayout\")).setAsHorizontalList().scrollIntoView(new UiSelector().text(\"12 AM\"))","context":"","multiple":false}}
[debug] [AndroidBootstrap] [BOOTSTRAP LOG] [debug] Got data from client: {"cmd":"action","action":"find","params":{"strategy":"-android uiautomator","selector":"new UiScrollable(new UiSelector().resourceId(\"com.climate.farmrise:id/hourlyWeatherForecastLayout\")).setAsHorizontalList().scrollIntoView(new UiSelector().text(\"12 AM\"))","context":"","multiple":false}}
[debug] [AndroidBootstrap] [BOOTSTRAP LOG] [debug] Got command of type ACTION
[debug] [AndroidBootstrap] [BOOTSTRAP LOG] [debug] Got command action: find
[debug] [AndroidBootstrap] [BOOTSTRAP LOG] [debug] Finding 'new UiScrollable(new UiSelector().resourceId("com.climate.farmrise:id/hourlyWeatherForecastLayout")).setAsHorizontalList().scrollIntoView(new UiSelector().text("12 AM"))' using 'ANDROID_UIAUTOMATOR' with the contextId: '' multiple: false
[debug] [AndroidBootstrap] [BOOTSTRAP LOG] [debug] Parsing scrollable: new UiScrollable(new UiSelector().resourceId("com.climate.farmrise:id/hourlyWeatherForecastLayout")).setAsHorizontalList().scrollIntoView(new UiSelector().text("12 AM"))
[debug] [AndroidBootstrap] [BOOTSTRAP LOG] [debug] UiSelector coerce type: class java.lang.String arg: "com.climate.farmrise:id/hourlyWeatherForecastLayout"
[debug] [AndroidBootstrap] [BOOTSTRAP LOG] [debug] UiScrollable invoking method: public com.android.uiautomator.core.UiScrollable com.android.uiautomator.core.UiScrollable.setAsHorizontalList() args:
[debug] [AndroidBootstrap] [BOOTSTRAP LOG] [debug] UiScrollable invoking method: public boolean com.android.uiautomator.core.UiScrollable.scrollIntoView(com.android.uiautomator.core.UiObject) throws com.android.uiautomator.core.UiObjectNotFoundException args: new UiSelector().text("12 AM"),
[debug] [AndroidBootstrap] [BOOTSTRAP LOG] [debug] UiScrollable coerce type: class com.android.uiautomator.core.UiObject arg: new UiSelector().text("12 AM")
[debug] [AndroidBootstrap] [BOOTSTRAP LOG] [debug] UiSelector coerce type: class java.lang.String arg: "12 AM"
[debug] [AndroidBootstrap] [BOOTSTRAP LOG] [debug] Method name: scrollIntoView
[debug] [AndroidBootstrap] [BOOTSTRAP LOG] [debug] Setting uiObject for scrollIntoView
[debug] [AndroidBootstrap] [BOOTSTRAP LOG] [debug] Invoking method: public boolean com.android.uiautomator.core.UiScrollable.scrollIntoView(com.android.uiautomator.core.UiObject) throws com.android.uiautomator.core.UiObjectNotFoundException with: com.android.uiautomator.core.UiObject@1e3246b
[debug] [AndroidBootstrap] [BOOTSTRAP LOG] [debug] Invoke complete.
[debug] [AndroidBootstrap] [BOOTSTRAP LOG] [debug] Using: UiSelector[TEXT=12 AM]
[debug] [AndroidBootstrap] [BOOTSTRAP LOG] [debug] Failed to locate element. Clearing Accessibility cache and retrying.
[debug] [AndroidBootstrap] [BOOTSTRAP LOG] [debug] Finding 'new UiScrollable(new UiSelector().resourceId("com.climate.farmrise:id/hourlyWeatherForecastLayout")).setAsHorizontalList().scrollIntoView(new UiSelector().text("12 AM"))' using 'ANDROID_UIAUTOMATOR' with the contextId: '' multiple: false
[debug] [AndroidBootstrap] [BOOTSTRAP LOG] [debug] Parsing scrollable: new UiScrollable(new UiSelector().resourceId("com.climate.farmrise:id/hourlyWeatherForecastLayout")).setAsHorizontalList().scrollIntoView(new UiSelector().text("12 AM"))
[debug] [AndroidBootstrap] [BOOTSTRAP LOG] [debug] UiSelector coerce type: class java.lang.String arg: "com.climate.farmrise:id/hourlyWeatherForecastLayout"
[debug] [AndroidBootstrap] [BOOTSTRAP LOG] [debug] UiScrollable invoking method: public com.android.uiautomator.core.UiScrollable com.android.uiautomator.core.UiScrollable.setAsHorizontalList() args:
[debug] [AndroidBootstrap] [BOOTSTRAP LOG] [debug] UiScrollable invoking method: public boolean com.android.uiautomator.core.UiScrollable.scrollIntoView(com.android.uiautomator.core.UiObject) throws com.android.uiautomator.core.UiObjectNotFoundException args: new UiSelector().text("12 AM"),
[debug] [AndroidBootstrap] [BOOTSTRAP LOG] [debug] UiScrollable coerce type: class com.android.uiautomator.core.UiObject arg: new UiSelector().text("12 AM")
[debug] [AndroidBootstrap] [BOOTSTRAP LOG] [debug] UiSelector coerce type: class java.lang.String arg: "12 AM"
[debug] [AndroidBootstrap] [BOOTSTRAP LOG] [debug] Method name: scrollIntoView
[debug] [AndroidBootstrap] [BOOTSTRAP LOG] [debug] Setting uiObject for scrollIntoView
[debug] [AndroidBootstrap] [BOOTSTRAP LOG] [debug] Invoking method: public boolean com.android.uiautomator.core.UiScrollable.scrollIntoView(com.android.uiautomator.core.UiObject) throws com.android.uiautomator.core.UiObjectNotFoundException with: com.android.uiautomator.core.UiObject@8914bc8
[debug] [AndroidBootstrap] [BOOTSTRAP LOG] [debug] Invoke complete.
[debug] [AndroidBootstrap] [BOOTSTRAP LOG] [debug] Using: UiSelector[TEXT=12 AM]
[debug] [AndroidBootstrap] [BOOTSTRAP LOG] [debug] Returning result: {"status":7,"value":"No element found"}
[debug] [AndroidBootstrap] Received command result from bootstrap
[debug] [BaseDriver] Waited for 62775 ms so far
[debug] [AndroidBootstrap] Sending command to android: {"cmd":"action","action":"find","params":{"strategy":"-android uiautomator","selector":"new UiScrollable(new UiSelector().resourceId(\"com.climate.farmrise:id/hourlyWeatherForecastLayout\")).setAsHorizontalList().scrollIntoView(new UiSelector().text(\"12 AM\"))","context":"","multiple":false}}
[debug] [AndroidBootstrap] [BOOTSTRAP LOG] [debug] Got data from client: {"cmd":"action","action":"find","params":{"strategy":"-android uiautomator","selector":"new UiScrollable(new UiSelector().resourceId(\"com.climate.farmrise:id/hourlyWeatherForecastLayout\")).setAsHorizontalList().scrollIntoView(new UiSelector().text(\"12 AM\"))","context":"","multiple":false}}
[debug] [AndroidBootstrap] [BOOTSTRAP LOG] [debug] Got command of type ACTION
[debug] [AndroidBootstrap] [BOOTSTRAP LOG] [debug] Got command action: find
[debug] [AndroidBootstrap] [BOOTSTRAP LOG] [debug] Finding 'new UiScrollable(new UiSelector().resourceId("com.climate.farmrise:id/hourlyWeatherForecastLayout")).setAsHorizontalList().scrollIntoView(new UiSelector().text("12 AM"))' using 'ANDROID_UIAUTOMATOR' with the contextId: '' multiple: false
[debug] [AndroidBootstrap] [BOOTSTRAP LOG] [debug] Parsing scrollable: new UiScrollable(new UiSelector().resourceId("com.climate.farmrise:id/hourlyWeatherForecastLayout")).setAsHorizontalList().scrollIntoView(new UiSelector().text("12 AM"))
[debug] [AndroidBootstrap] [UIAUTO STDOUT] [APPIUM-UIAU
[debug] [AndroidBootstrap] [UIAUTO STDOUT] TO] [debug] UiSelector coerce type: class java.lang.String arg: "com.climate.farmrise:id/hourlyWeatherForecastLayout"[/APPIUM-UIAUTO]
[debug] [AndroidBootstrap] [BOOTSTRAP LOG] [debug] UiScrollable invoking method: public com.android.uiautomator.core.UiScrollable com.android.uiautomator.core.UiScrollable.setAsHorizontalList() args:
[debug] [AndroidBootstrap] [BOOTSTRAP LOG] [debug] UiScrollable invoking method: public boolean com.android.uiautomator.core.UiScrollable.scrollIntoView(com.android.uiautomator.core.UiObject) throws com.android.uiautomator.core.UiObjectNotFoundException args: new UiSelector().text("12 AM"),
[debug] [AndroidBootstrap] [BOOTSTRAP LOG] [debug] UiScrollable coerce type: class com.android.uiautomator.core.UiObject arg: new UiSelector().text("12 AM")
[debug] [AndroidBootstrap] [BOOTSTRAP LOG] [debug] UiSelector coerce type: class java.lang.String arg: "12 AM"
[debug] [AndroidBootstrap] [BOOTSTRAP LOG] [debug] Method name: scrollIntoView
[debug] [AndroidBootstrap] [BOOTSTRAP LOG] [debug] Setting uiObject for scrollIntoView
[debug] [AndroidBootstrap] [BOOTSTRAP LOG] [debug] Invoking method: public boolean com.android.uiautomator.core.UiScrollable.scrollIntoView(com.android.uiautomator.core.UiObject) throws com.android.uiautomator.core.UiObjectNotFoundException with: com.android.uiautomator.core.UiObject@fa46461
[debug] [AndroidBootstrap] [BOOTSTRAP LOG] [debug] Invoke complete.
[debug] [AndroidBootstrap] [BOOTSTRAP LOG] [debug] Using: UiSelector[TEXT=12 AM]
[debug] [AndroidBootstrap] [BOOTSTRAP LOG] [debug] Failed to locate element. Clearing Accessibility cache and retrying.
[debug] [AndroidBootstrap] [BOOTSTRAP LOG] [debug] Finding 'new UiScrollable(new UiSelector().resourceId("com.climate.farmrise:id/hourlyWeatherForecastLayout")).setAsHorizontalList().scrollIntoView(new UiSelector().text("12 AM"))' using 'ANDROID_UIAUTOMATOR' with the contextId: '' multiple: false
[debug] [AndroidBootstrap] [BOOTSTRAP LOG] [debug] Parsing scrollable: new UiScrollable(new UiSelector().resourceId("com.climate.farmrise:id/hourlyWeatherForecastLayout")).setAsHorizontalList().scrollIntoView(new UiSelector().text("12 AM"))
[debug] [AndroidBootstrap] [BOOTSTRAP LOG] [debug] UiSelector coerce type: class java.lang.String arg: "com.climate.farmrise:id/hourlyWeatherForecastLayout"
[debug] [AndroidBootstrap] [BOOTSTRAP LOG] [debug] UiScrollable invoking method: public com.android.uiautomator.core.UiScrollable com.android.uiautomator.core.UiScrollable.setAsHorizontalList() args:
[debug] [AndroidBootstrap] [BOOTSTRAP LOG] [debug] UiScrollable invoking method: public boolean com.android.uiautomator.core.UiScrollable.scrollIntoView(com.android.uiautomator.core.UiObject) throws com.android.uiautomator.core.UiObjectNotFoundException args: new UiSelector().text("12 AM"),
[debug] [AndroidBootstrap] [BOOTSTRAP LOG] [debug] UiScrollable coerce type: class com.android.uiautomator.core.UiObject arg: new UiSelector().text("12 AM")
[debug] [AndroidBootstrap] [BOOTSTRAP LOG] [debug] UiSelector coerce type: class java.lang.String arg: "12 AM"
[debug] [AndroidBootstrap] [BOOTSTRAP LOG] [debug] Method name: scrollIntoView
[debug] [AndroidBootstrap] [BOOTSTRAP LOG] [debug] Setting uiObject for scrollIntoView
[debug] [AndroidBootstrap] [BOOTSTRAP LOG] [debug] Invoking method: public boolean com.android.uiautomator.core.UiScrollable.scrollIntoView(com.android.uiautomator.core.UiObject) throws com.android.uiautomator.core.UiObjectNotFoundException with: com.android.uiautomator.core.UiObject@39a7b86
[debug] [AndroidBootstrap] [BOOTSTRAP LOG] [debug] Invoke complete.
[debug] [AndroidBootstrap] [BOOTSTRAP LOG] [debug] Using: UiSelector[TEXT=12 AM]
[debug] [AndroidBootstrap] [BOOTSTRAP LOG] [debug] Returning result: {"status":7,"value":"No element found"}
[debug] [AndroidBootstrap] Received command result from bootstrap
[HTTP] <-- POST /wd/hub/session/6d28dc6e-8969-495c-9f05-2f1e2144267d/element 500 97235 ms - 164 
]]></system-out>
  </testcase>
  <testcase name="navigateToGovernmentSchemesPage" classname="com.monsanto.TestScripts.TestScriptFarmRise" time="4.296"/>
  <testcase name="tapOnLoadMoreSchemesButton" classname="com.monsanto.TestScripts.TestScriptFarmRise" time="83.612">
    <failure message="expected [false] but found [true]" type="java.lang.AssertionError">java.lang.AssertionError: expected [false] but found [true]
	at org.testng.Assert.fail(Assert.java:94)
	at org.testng.Assert.failNotEquals(Assert.java:494)
	at org.testng.Assert.assertFalse(Assert.java:63)
	at org.testng.Assert.assertFalse(Assert.java:73)
	at com.monsanto.PageHelper.FarmRisePageHelper.scrollTillVisibleElement(FarmRisePageHelper.java:319)
	at com.monsanto.TestScripts.TestScriptFarmRise.tapOnLoadMoreSchemesButton(TestScriptFarmRise.java:59)
</failure>
    <system-out><![CDATA[[HTTP] --> POST /wd/hub/session/6d28dc6e-8969-495c-9f05-2f1e2144267d/element {"using":"id","value":"com.climate.farmrise:id/toolBar_Title"}
[debug] [MJSONWP] Calling AppiumDriver.findElement() with args: ["id","com.climate.farmrise:id/toolBar_Title","6d28dc6e-8969-495c-9f05-2f1e2144267d"]
[debug] [BaseDriver] Valid locator strategies for this request: xpath, id, class name, accessibility id, -android uiautomator
[debug] [BaseDriver] Valid locator strategies for this request: xpath, id, class name, accessibility id, -android uiautomator
[debug] [BaseDriver] Waiting up to 80000 ms for condition
[debug] [AndroidBootstrap] Sending command to android: {"cmd":"action","action":"find","params":{"strategy":"id","selector":"com.climate.farmrise:id/toolBar_Title","context":"","multiple":false}}
[debug] [AndroidBootstrap] [BOOTSTRAP LOG] [debug] Got data from client: {"cmd":"action","action":"find","params":{"strategy":"id","selector":"com.climate.farmrise:id/toolBar_Title","context":"","multiple":false}}
[debug] [AndroidBootstrap] [BOOTSTRAP LOG] [debug] Got command of type ACTION
[debug] [AndroidBootstrap] [BOOTSTRAP LOG] [debug] Got command action: find
[debug] [AndroidBootstrap] [BOOTSTRAP LOG] [debug] Finding 'com.climate.farmrise:id/toolBar_Title' using 'ID' with the contextId: '' multiple: false
[debug] [AndroidBootstrap] [BOOTSTRAP LOG] [debug] Using: UiSelector[INSTANCE=0, RESOURCE_ID=com.climate.farmrise:id/toolBar_Title]
[debug] [AndroidBootstrap] [BOOTSTRAP LOG] [debug] Returning result: {"status":0,"value":{"ELEMENT":"76"}}
[debug] [AndroidBootstrap] Received command result from bootstrap
[debug] [MJSONWP] Responding to client with driver.findElement() result: {"ELEMENT":"76"}
[HTTP] <-- POST /wd/hub/session/6d28dc6e-8969-495c-9f05-2f1e2144267d/element 200 38 ms - 88 
[HTTP] --> GET /wd/hub/session/6d28dc6e-8969-495c-9f05-2f1e2144267d/element/76/displayed {}
[debug] [MJSONWP] Calling AppiumDriver.elementDisplayed() with args: ["76","6d28dc6e-8969-495c-9f05-2f1e2144267d"]
[debug] [AndroidBootstrap] Sending command to android: {"cmd":"action","action":"element:getAttribute","params":{"attribute":"displayed","elementId":"76"}}
[debug] [AndroidBootstrap] [BOOTSTRAP LOG] [debug] Got data from client: {"cmd":"action","action":"element:getAttribute","params":{"attribute":"displayed","elementId":"76"}}
[debug] [AndroidBootstrap] [BOOTSTRAP LOG] [debug] Got command of type ACTION
[debug] [AndroidBootstrap] [BOOTSTRAP LOG] [debug] Got command action: getAttribute
[debug] [AndroidBootstrap] [BOOTSTRAP LOG] [debug] Returning result: {"status":0,"value":"true"}
[debug] [AndroidBootstrap] Received command result from bootstrap
[debug] [MJSONWP] Responding to client with driver.elementDisplayed() result: true
[HTTP] <-- GET /wd/hub/session/6d28dc6e-8969-495c-9f05-2f1e2144267d/element/76/displayed 200 27 ms - 76 
[HTTP] --> POST /wd/hub/session/6d28dc6e-8969-495c-9f05-2f1e2144267d/element {"using":"-android uiautomator","value":"new UiScrollable(new UiSelector().resourceId(\"com.climate.farmrise:id/action_bar_root\")).setMaxSearchSwipes(3).scrollIntoView(new UiSelector().text(\"Load More schemes\"))"}
[debug] [MJSONWP] Calling AppiumDriver.findElement() with args: ["-android uiautomator","new UiScrollable(new UiSelector().resourceId(\"com.climate.farmrise:id/action_bar_root\")).setMaxSearchSwipes(3).scrollIntoView(new UiSelector().text(\"Load More schemes\"))","6d28dc6e-8969-495c-9f05-2f1e2144267d"]
[debug] [BaseDriver] Valid locator strategies for this request: xpath, id, class name, accessibility id, -android uiautomator
[debug] [BaseDriver] Valid locator strategies for this request: xpath, id, class name, accessibility id, -android uiautomator
[debug] [BaseDriver] Waiting up to 80000 ms for condition
[debug] [AndroidBootstrap] Sending command to android: {"cmd":"action","action":"find","params":{"strategy":"-android uiautomator","selector":"new UiScrollable(new UiSelector().resourceId(\"com.climate.farmrise:id/action_bar_root\")).setMaxSearchSwipes(3).scrollIntoView(new UiSelector().text(\"Load More schemes\"))","context":"","multiple":false}}
[debug] [AndroidBootstrap] [BOOTSTRAP LOG] [debug] Got data from client: {"cmd":"action","action":"find","params":{"strategy":"-android uiautomator","selector":"new UiScrollable(new UiSelector().resourceId(\"com.climate.farmrise:id/action_bar_root\")).setMaxSearchSwipes(3).scrollIntoView(new UiSelector().text(\"Load More schemes\"))","context":"","multiple":false}}
[debug] [AndroidBootstrap] [BOOTSTRAP LOG] [debug] Got command of type ACTION
[debug] [AndroidBootstrap] [BOOTSTRAP LOG] [debug] Got command action: find
[debug] [AndroidBootstrap] [BOOTSTRAP LOG] [debug] Finding 'new UiScrollable(new UiSelector().resourceId("com.climate.farmrise:id/action_bar_root")).setMaxSearchSwipes(3).scrollIntoView(new UiSelector().text("Load More schemes"))' using 'ANDROID_UIAUTOMATOR' with the contextId: '' multiple: false
[debug] [AndroidBootstrap] [BOOTSTRAP LOG] [debug] Parsing scrollable: new UiScrollable(new UiSelector().resourceId("com.climate.farmrise:id/action_bar_root")).setMaxSearchSwipes(3).scrollIntoView(new UiSelector().text("Load More schemes"))
[debug] [AndroidBootstrap] [BOOTSTRAP LOG] [debug] UiSelector coerce type: class java.lang.String arg: "com.climate.farmrise:id/action_bar_root"
[debug] [AndroidBootstrap] [BOOTSTRAP LOG] [debug] UiScrollable invoking method: public com.android.uiautomator.core.UiScrollable com.android.uiautomator.core.UiScrollable.setMaxSearchSwipes(int) args: 3,
[debug] [AndroidBootstrap] [BOOTSTRAP LOG] [debug] UiScrollable coerce type: int arg: 3
[debug] [AndroidBootstrap] [BOOTSTRAP LOG] [debug] Method name: setMaxSearchSwipes
[debug] [AndroidBootstrap] [BOOTSTRAP LOG] [debug] UiScrollable invoking method: public boolean com.android.uiautomator.core.UiScrollable.scrollIntoView(com.android.uiautomator.core.UiObject) throws com.android.uiautomator.core.UiObjectNotFoundException args: new UiSelector().text("Load More schemes"),
[debug] [AndroidBootstrap] [BOOTSTRAP LOG] [debug] UiScrollable coerce type: class com.android.uiautomator.core.UiObject arg: new UiSelector().text("Load More schemes")
[debug] [AndroidBootstrap] [BOOTSTRAP LOG] [debug] UiSelector coerce type: class java.lang.String arg: "Load More schemes"
[debug] [AndroidBootstrap] [BOOTSTRAP LOG] [debug] Method name: scrollIntoView
[debug] [AndroidBootstrap] [BOOTSTRAP LOG] [debug] Setting uiObject for scrollIntoView
[debug] [AndroidBootstrap] [BOOTSTRAP LOG] [debug] Invoking method: public boolean com.android.uiautomator.core.UiScrollable.scrollIntoView(com.android.uiautomator.core.UiObject) throws com.android.uiautomator.core.UiObjectNotFoundException with: com.android.uiautomator.core.UiObject@a0d9c47
[debug] [AndroidBootstrap] [BOOTSTRAP LOG] [debug] Invoke complete.
[debug] [AndroidBootstrap] [BOOTSTRAP LOG] [debug] Using: UiSelector[TEXT=Load More schemes]
[debug] [AndroidBootstrap] [BOOTSTRAP LOG] [debug] Failed to locate element. Clearing Accessibility cache and retrying.
[debug] [AndroidBootstrap] [BOOTSTRAP LOG] [debug] Finding 'new UiScrollable(new UiSelector().resourceId("com.climate.farmrise:id/action_bar_root")).setMaxSearchSwipes(3).scrollIntoView(new UiSelector().text("Load More schemes"))' using 'ANDROID_UIAUTOMATOR' with the contextId: '' multiple: false
[debug] [AndroidBootstrap] [BOOTSTRAP LOG] [debug] Parsing scrollable: new UiScrollable(new UiSelector().resourceId("com.climate.farmrise:id/action_bar_root")).setMaxSearchSwipes(3).scrollIntoView(new UiSelector().text("Load More schemes"))
[debug] [AndroidBootstrap] [BOOTSTRAP LOG] [debug] UiSelector coerce type: class java.lang.String arg: "com.climate.farmrise:id/action_bar_root"
[debug] [AndroidBootstrap] [BOOTSTRAP LOG] [debug] UiScrollable invoking method: public com.android.uiautomator.core.UiScrollable com.android.uiautomator.core.UiScrollable.setMaxSearchSwipes(int) args: 3,
[debug] [AndroidBootstrap] [UIAUTO STDOUT] [APPIUM-UIAUTO] [debug] UiScrollable coerce type: int arg: 3[/AP
[debug] [AndroidBootstrap] [UIAUTO STDOUT] PIUM-UIAUTO]
[debug] [AndroidBootstrap] [BOOTSTRAP LOG] [debug] Method name: setMaxSearchSwipes
[debug] [AndroidBootstrap] [BOOTSTRAP LOG] [debug] UiScrollable invoking method: public boolean com.android.uiautomator.core.UiScrollable.scrollIntoView(com.android.uiautomator.core.UiObject) throws com.android.uiautomator.core.UiObjectNotFoundException args: new UiSelector().text("Load More schemes"),
[debug] [AndroidBootstrap] [BOOTSTRAP LOG] [debug] UiScrollable coerce type: class com.android.uiautomator.core.UiObject arg: new UiSelector().text("Load More schemes")
[debug] [AndroidBootstrap] [BOOTSTRAP LOG] [debug] UiSelector coerce type: class java.lang.String arg: "Load More schemes"
[debug] [AndroidBootstrap] [BOOTSTRAP LOG] [debug] Method name: scrollIntoView
[debug] [AndroidBootstrap] [BOOTSTRAP LOG] [debug] Setting uiObject for scrollIntoView
[debug] [AndroidBootstrap] [BOOTSTRAP LOG] [debug] Invoking method: public boolean com.android.uiautomator.core.UiScrollable.scrollIntoView(com.android.uiautomator.core.UiObject) throws com.android.uiautomator.core.UiObjectNotFoundException with: com.android.uiautomator.core.UiObject@3535c74
[debug] [AndroidBootstrap] [BOOTSTRAP LOG] [debug] Invoke complete.
[debug] [AndroidBootstrap] [BOOTSTRAP LOG] [debug] Using: UiSelector[TEXT=Load More schemes]
[debug] [AndroidBootstrap] [BOOTSTRAP LOG] [debug] Returning result: {"status":7,"value":"No element found"}
[debug] [AndroidBootstrap] Received command result from bootstrap
[debug] [BaseDriver] Waited for 6319 ms so far
[debug] [AndroidBootstrap] Sending command to android: {"cmd":"action","action":"find","params":{"strategy":"-android uiautomator","selector":"new UiScrollable(new UiSelector().resourceId(\"com.climate.farmrise:id/action_bar_root\")).setMaxSearchSwipes(3).scrollIntoView(new UiSelector().text(\"Load More schemes\"))","context":"","multiple":false}}
[debug] [AndroidBootstrap] [BOOTSTRAP LOG] [debug] Got data from client: {"cmd":"action","action":"find","params":{"strategy":"-android uiautomator","selector":"new UiScrollable(new UiSelector().resourceId(\"com.climate.farmrise:id/action_bar_root\")).setMaxSearchSwipes(3).scrollIntoView(new UiSelector().text(\"Load More schemes\"))","context":"","multiple":false}}
[debug] [AndroidBootstrap] [BOOTSTRAP LOG] [debug] Got command of type ACTION
[debug] [AndroidBootstrap] [BOOTSTRAP LOG] [debug] Got command action: find
[debug] [AndroidBootstrap] [BOOTSTRAP LOG] [debug] Finding 'new UiScrollable(new UiSelector().resourceId("com.climate.farmrise:id/action_bar_root")).setMaxSearchSwipes(3).scrollIntoView(new UiSelector().text("Load More schemes"))' using 'ANDROID_UIAUTOMATOR' with the contextId: '' multiple: false
[debug] [AndroidBootstrap] [BOOTSTRAP LOG] [debug] Parsing scrollable: new UiScrollable(new UiSelector().resourceId("com.climate.farmrise:id/action_bar_root")).setMaxSearchSwipes(3).scrollIntoView(new UiSelector().text("Load More schemes"))
[debug] [AndroidBootstrap] [BOOTSTRAP LOG] [debug] UiSelector coerce type: class java.lang.String arg: "com.climate.farmrise:id/action_bar_root"
[debug] [AndroidBootstrap] [BOOTSTRAP LOG] [debug] UiScrollable invoking method: public com.android.uiautomator.core.UiScrollable com.android.uiautomator.core.UiScrollable.setMaxSearchSwipes(int) args: 3,
[debug] [AndroidBootstrap] [BOOTSTRAP LOG] [debug] UiScrollable coerce type: int arg: 3
[debug] [AndroidBootstrap] [BOOTSTRAP LOG] [debug] Method name: setMaxSearchSwipes
[debug] [AndroidBootstrap] [BOOTSTRAP LOG] [debug] UiScrollable invoking method: public boolean com.android.uiautomator.core.UiScrollable.scrollIntoView(com.android.uiautomator.core.UiObject) throws com.android.uiautomator.core.UiObjectNotFoundException args: new UiSelector().text("Load More schemes"),
[debug] [AndroidBootstrap] [BOOTSTRAP LOG] [debug] UiScrollable coerce type: class com.android.uiautomator.core.UiObject arg: new UiSelector().text("Load More schemes")
[debug] [AndroidBootstrap] [BOOTSTRAP LOG] [debug] UiSelector coerce type: class java.lang.String arg: "Load More schemes"
[debug] [AndroidBootstrap] [BOOTSTRAP LOG] [debug] Method name: scrollIntoView
[debug] [AndroidBootstrap] [BOOTSTRAP LOG] [debug] Setting uiObject for scrollIntoView
[debug] [AndroidBootstrap] [BOOTSTRAP LOG] [debug] Invoking method: public boolean com.android.uiautomator.core.UiScrollable.scrollIntoView(com.android.uiautomator.core.UiObject) throws com.android.uiautomator.core.UiObjectNotFoundException with: com.android.uiautomator.core.UiObject@661e59d
[debug] [AndroidBootstrap] [BOOTSTRAP LOG] [debug] Invoke complete.
[debug] [AndroidBootstrap] [BOOTSTRAP LOG] [debug] Using: UiSelector[TEXT=Load More schemes]
[debug] [AndroidBootstrap] [BOOTSTRAP LOG] [debug] Failed to locate element. Clearing Accessibility cache and retrying.
[debug] [AndroidBootstrap] [BOOTSTRAP LOG] [debug] Finding 'new UiScrollable(new UiSelector().resourceId("com.climate.farmrise:id/action_bar_root")).setMaxSearchSwipes(3).scrollIntoView(new UiSelector().text("Load More schemes"))' using 'ANDROID_UIAUTOMATOR' with the contextId: '' multiple: false
[debug] [AndroidBootstrap] [BOOTSTRAP LOG] [debug] Parsing scrollable: new UiScrollable(new UiSelector().resourceId("com.climate.farmrise:id/action_bar_root")).setMaxSearchSwipes(3).scrollIntoView(new UiSelector().text("Load More schemes"))
[debug] [AndroidBootstrap] [BOOTSTRAP LOG] [debug] UiSelector coerce type: class java.lang.String arg: "com.climate.farmrise:id/action_bar_root"
[debug] [AndroidBootstrap] [BOOTSTRAP LOG] [debug] UiScrollable invoking method: public com.android.uiautomator.core.UiScrollable com.android.uiautomator.core.UiScrollable.setMaxSearchSwipes(int) args: 3,
[debug] [AndroidBootstrap] [BOOTSTRAP LOG] [debug] UiScrollable coerce type: int arg: 3
[debug] [AndroidBootstrap] [BOOTSTRAP LOG] [debug] Method name: setMaxSearchSwipes
[debug] [AndroidBootstrap] [BOOTSTRAP LOG] [debug] UiScrollable invoking method: public boolean com.android.uiautomator.core.UiScrollable.scrollIntoView(com.android.uiautomator.core.UiObject) throws com.android.uiautomator.core.UiObjectNotFoundException args: new UiSelector().text("Load More schemes"),
[debug] [AndroidBootstrap] [BOOTSTRAP LOG] [debug] UiScrollable coerce type: class com.android.uiautomator.core.UiObject arg: new UiSelector().text("Load More schemes")
[debug] [AndroidBootstrap] [BOOTSTRAP LOG] [debug] UiSelector coerce type: class java.lang.String arg: "Load More schemes"
[debug] [AndroidBootstrap] [BOOTSTRAP LOG] [debug] Method name: scrollIntoView
[debug] [AndroidBootstrap] [BOOTSTRAP LOG] [debug] Setting uiObject for scrollIntoView
[debug] [AndroidBootstrap] [BOOTSTRAP LOG] [debug] Invoking method: public boolean com.android.uiautomator.core.UiScrollable.scrollIntoView(com.android.uiautomator.core.UiObject) throws com.android.uiautomator.core.UiObjectNotFoundException with: com.android.uiautomator.core.UiObject@12ca12
[debug] [AndroidBootstrap] [BOOTSTRAP LOG] [debug] Invoke complete.
[debug] [AndroidBootstrap] [BOOTSTRAP LOG] [debug] Using: UiSelector[TEXT=Load More schemes]
[debug] [AndroidBootstrap] [BOOTSTRAP LOG] [debug] Returning result: {"status":7,"value":"No element found"}
[debug] [AndroidBootstrap] Received command result from bootstrap
[debug] [BaseDriver] Waited for 13332 ms so far
[debug] [AndroidBootstrap] Sending command to android: {"cmd":"action","action":"find","params":{"strategy":"-android uiautomator","selector":"new UiScrollable(new UiSelector().resourceId(\"com.climate.farmrise:id/action_bar_root\")).setMaxSearchSwipes(3).scrollIntoView(new UiSelector().text(\"Load More schemes\"))","context":"","multiple":false}}
[debug] [AndroidBootstrap] [BOOTSTRAP LOG] [debug] Got data from client: {"cmd":"action","action":"find","params":{"strategy":"-android uiautomator","selector":"new UiScrollable(new UiSelector().resourceId(\"com.climate.farmrise:id/action_bar_root\")).setMaxSearchSwipes(3).scrollIntoView(new UiSelector().text(\"Load More schemes\"))","context":"","multiple":false}}
[debug] [AndroidBootstrap] [BOOTSTRAP LOG] [debug] Got command of type ACTION
[debug] [AndroidBootstrap] [BOOTSTRAP LOG] [debug] Got command action: find
[debug] [AndroidBootstrap] [BOOTSTRAP LOG] [debug] Finding 'new UiScrollable(new UiSelector().resourceId("com.climate.farmrise:id/action_bar_root")).setMaxSearchSwipes(3).scrollIntoView(new UiSelector().text("Load More schemes"))' using 'ANDROID_UIAUTOMATOR' with the contextId: '' multiple: false
[debug] [AndroidBootstrap] [BOOTSTRAP LOG] [debug] Parsing scrollable: new UiScrollable(new UiSelector().resourceId("com.climate.farmrise:id/action_bar_root")).setMaxSearchSwipes(3).scrollIntoView(new UiSelector().text("Load More schemes"))
[debug] [AndroidBootstrap] [BOOTSTRAP LOG] [debug] UiSelector coerce type: class java.lang.String arg: "com.climate.farmrise:id/action_bar_root"
[debug] [AndroidBootstrap] [BOOTSTRAP LOG] [debug] UiScrollable invoking method: public com.android.uiautomator.core.UiScrollable com.android.uiautomator.core.UiScrollable.setMaxSearchSwipes(int) args: 3,
[debug] [AndroidBootstrap] [BOOTSTRAP LOG] [debug] UiScrollable coerce type: int arg: 3
[debug] [AndroidBootstrap] [BOOTSTRAP LOG] [debug] Method name: setMaxSearchSwipes
[debug] [AndroidBootstrap] [BOOTSTRAP LOG] [debug] UiScrollable invoking method: public boolean com.android.uiautomator.core.UiScrollable.scrollIntoView(com.android.uiautomator.core.UiObject) throws com.android.uiautomator.core.UiObjectNotFoundException args: new UiSelector().text("Load More schemes"),
[debug] [AndroidBootstrap] [BOOTSTRAP LOG] [debug] UiScrollable coerce type: class com.android.uiautomator.core.UiObject arg: new UiSelector().text("Load More schemes")
[debug] [AndroidBootstrap] [BOOTSTRAP LOG] [debug] UiSelector coerce type: class java.lang.String arg: "Load More schemes"
[debug] [AndroidBootstrap] [BOOTSTRAP LOG] [debug] Method name: scrollIntoView
[debug] [AndroidBootstrap] [BOOTSTRAP LOG] [debug] Setting uiObject for scrollIntoView
[debug] [AndroidBootstrap] [BOOTSTRAP LOG] [debug] Invoking method: public boolean com.android.uiautomator.core.UiScrollable.scrollIntoView(com.android.uiautomator.core.UiObject) throws com.android.uiautomator.core.UiObjectNotFoundException with: com.android.uiautomator.core.UiObject@d7db5e3
[debug] [AndroidBootstrap] [BOOTSTRAP LOG] [debug] Invoke complete.
[debug] [AndroidBootstrap] [BOOTSTRAP LOG] [debug] Using: UiSelector[TEXT=Load More schemes]
[debug] [AndroidBootstrap] [BOOTSTRAP LOG] [debug] Failed to locate element. Clearing Accessibility cache and retrying.
[debug] [AndroidBootstrap] [BOOTSTRAP LOG] [debug] Finding 'new UiScrollable(new UiSelector().resourceId("com.climate.farmrise:id/action_bar_root")).setMaxSearchSwipes(3).scrollIntoView(new UiSelector().text("Load More schemes"))' using 'ANDROID_UIAUTOMATOR' with the contextId: '' multiple: false
[debug] [AndroidBootstrap] [BOOTSTRAP LOG] [debug] Parsing scrollable: new UiScrollable(new UiSelector().resourceId("com.climate.farmrise:id/action_bar_root")).setMaxSearchSwipes(3).scrollIntoView(new UiSelector().text("Load More schemes"))
[debug] [AndroidBootstrap] [BOOTSTRAP LOG] [debug] UiSelector coerce type: class java.lang.String arg: "com.climate.farmrise:id/action_bar_root"
[debug] [AndroidBootstrap] [BOOTSTRAP LOG] [debug] UiScrollable invoking method: public com.android.uiautomator.core.UiScrollable com.android.uiautomator.core.UiScrollable.setMaxSearchSwipes(int) args: 3,
[debug] [AndroidBootstrap] [BOOTSTRAP LOG] [debug] UiScrollable coerce type: int arg: 3
[debug] [AndroidBootstrap] [BOOTSTRAP LOG] [debug] Method name: setMaxSearchSwipes
[debug] [AndroidBootstrap] [BOOTSTRAP LOG] [debug] UiScrollable invoking method: public boolean com.android.uiautomator.core.UiScrollable.scrollIntoView(com.android.uiautomator.core.UiObject) throws com.android.uiautomator.core.UiObjectNotFoundException args: new UiSelector().text("Load More schemes"),
[debug] [AndroidBootstrap] [BOOTSTRAP LOG] [debug] UiScrollable coerce type: class com.android.uiautomator.core.UiObject arg: new UiSelector().text("Load More schemes")
[debug] [AndroidBootstrap] [BOOTSTRAP LOG] [debug] UiSelector coerce type: class java.lang.String arg: "Load More schemes"
[debug] [AndroidBootstrap] [BOOTSTRAP LOG] [debug] Method name: scrollIntoView
[debug] [AndroidBootstrap] [BOOTSTRAP LOG] [debug] Setting uiObject for scrollIntoView
[debug] [AndroidBootstrap] [BOOTSTRAP LOG] [debug] Invoking method: public boolean com.android.uiautomator.core.UiScrollable.scrollIntoView(com.android.uiautomator.core.UiObject) throws com.android.uiautomator.core.UiObjectNotFoundException with: com.android.uiautomator.core.UiObject@c83cbe0
[debug] [AndroidBootstrap] [BOOTSTRAP LOG] [debug] Invoke complete.
[debug] [AndroidBootstrap] [BOOTSTRAP LOG] [debug] Using: UiSelector[TEXT=Load More schemes]
[debug] [AndroidBootstrap] [BOOTSTRAP LOG] [debug] Returning result: {"status":7,"value":"No element found"}
[debug] [AndroidBootstrap] Received command result from bootstrap
[debug] [BaseDriver] Waited for 20280 ms so far
[debug] [AndroidBootstrap] Sending command to android: {"cmd":"action","action":"find","params":{"strategy":"-android uiautomator","selector":"new UiScrollable(new UiSelector().resourceId(\"com.climate.farmrise:id/action_bar_root\")).setMaxSearchSwipes(3).scrollIntoView(new UiSelector().text(\"Load More schemes\"))","context":"","multiple":false}}
[debug] [AndroidBootstrap] [BOOTSTRAP LOG] [debug] Got data from client: {"cmd":"action","action":"find","params":{"strategy":"-android uiautomator","selector":"new UiScrollable(new UiSelector().resourceId(\"com.climate.farmrise:id/action_bar_root\")).setMaxSearchSwipes(3).scrollIntoView(new UiSelector().text(\"Load More schemes\"))","context":"","multiple":false}}
[debug] [AndroidBootstrap] [BOOTSTRAP LOG] [debug] Got command of type ACTION
[debug] [AndroidBootstrap] [BOOTSTRAP LOG] [debug] Got command action: find
[debug] [AndroidBootstrap] [BOOTSTRAP LOG] [debug] Finding 'new UiScrollable(new UiSelector().resourceId("com.climate.farmrise:id/action_bar_root")).setMaxSearchSwipes(3).scrollIntoView(new UiSelector().text("Load More schemes"))' using 'ANDROID_UIAUTOMATOR' with the contextId: '' multiple: false
[debug] [AndroidBootstrap] [BOOTSTRAP LOG] [debug] Parsing scrollable: new UiScrollable(new UiSelector().resourceId("com.climate.farmrise:id/action_bar_root")).setMaxSearchSwipes(3).scrollIntoView(new UiSelector().text("Load More schemes"))
[debug] [AndroidBootstrap] [BOOTSTRAP LOG] [debug] UiSelector coerce type: class java.lang.String arg: "com.climate.farmrise:id/action_bar_root"
[debug] [AndroidBootstrap] [BOOTSTRAP LOG] [debug] UiScrollable invoking method: public com.android.uiautomator.core.UiScrollable com.android.uiautomator.core.UiScrollable.setMaxSearchSwipes(int) args: 3,
[debug] [AndroidBootstrap] [BOOTSTRAP LOG] [debug] UiScrollable coerce type: int arg: 3
[debug] [AndroidBootstrap] [BOOTSTRAP LOG] [debug] Method name: setMaxSearchSwipes
[debug] [AndroidBootstrap] [BOOTSTRAP LOG] [debug] UiScrollable invoking method: public boolean com.android.uiautomator.core.UiScrollable.scrollIntoView(com.android.uiautomator.core.UiObject) throws com.android.uiautomator.core.UiObjectNotFoundException args: new UiSelector().text("Load More schemes"),
[debug] [AndroidBootstrap] [BOOTSTRAP LOG] [debug] UiScrollable coerce type: class com.android.uiautomator.core.UiObject arg: new UiSelector().text("Load More schemes")
[debug] [AndroidBootstrap] [BOOTSTRAP LOG] [debug] UiSelector coerce type: class java.lang.String arg: "Load More schemes"
[debug] [AndroidBootstrap] [BOOTSTRAP LOG] [debug] Method name: scrollIntoView
[debug] [AndroidBootstrap] [BOOTSTRAP LOG] [debug] Setting uiObject for scrollIntoView
[debug] [AndroidBootstrap] [BOOTSTRAP LOG] [debug] Invoking method: public boolean com.android.uiautomator.core.UiScrollable.scrollIntoView(com.android.uiautomator.core.UiObject) throws com.android.uiautomator.core.UiObjectNotFoundException with: com.android.uiautomator.core.UiObject@b7c3e99
[debug] [AndroidBootstrap] [BOOTSTRAP LOG] [debug] Invoke complete.
[debug] [AndroidBootstrap] [BOOTSTRAP LOG] [debug] Using: UiSelector[TEXT=Load More schemes]
[debug] [AndroidBootstrap] [BOOTSTRAP LOG] [debug] Failed to locate element. Clearing Accessibility cache and retrying.
[debug] [AndroidBootstrap] [BOOTSTRAP LOG] [debug] Finding 'new UiScrollable(new UiSelector().resourceId("com.climate.farmrise:id/action_bar_root")).setMaxSearchSwipes(3).scrollIntoView(new UiSelector().text("Load More schemes"))' using 'ANDROID_UIAUTOMATOR' with the contextId: '' multiple: false
[debug] [AndroidBootstrap] [BOOTSTRAP LOG] [debug] Parsing scrollable: new UiScrollable(new UiSelector().resourceId("com.climate.farmrise:id/action_bar_root")).setMaxSearchSwipes(3).scrollIntoView(new UiSelector().text("Load More schemes"))
[debug] [AndroidBootstrap] [BOOTSTRAP LOG] [debug] UiSelector coerce type: class java.lang.String arg: "com.climate.farmrise:id/action_bar_root"
[debug] [AndroidBootstrap] [BOOTSTRAP LOG] [debug] UiScrollable invoking method: public com.android.uiautomator.core.UiScrollable com.android.uiautomator.core.UiScrollable.setMaxSearchSwipes(int) args: 3,
[debug] [AndroidBootstrap] [UIAUTO STDOUT] [APPIUM-UIAUTO] [debug] UiScrollable coerce type: int arg: 3[/AP
[debug] [AndroidBootstrap] [UIAUTO STDOUT] PIUM-UIAUTO]
[debug] [AndroidBootstrap] [BOOTSTRAP LOG] [debug] Method name: setMaxSearchSwipes
[debug] [AndroidBootstrap] [BOOTSTRAP LOG] [debug] UiScrollable invoking method: public boolean com.android.uiautomator.core.UiScrollable.scrollIntoView(com.android.uiautomator.core.UiObject) throws com.android.uiautomator.core.UiObjectNotFoundException args: new UiSelector().text("Load More schemes"),
[debug] [AndroidBootstrap] [BOOTSTRAP LOG] [debug] UiScrollable coerce type: class com.android.uiautomator.core.UiObject arg: new UiSelector().text("Load More schemes")
[debug] [AndroidBootstrap] [BOOTSTRAP LOG] [debug] UiSelector coerce type: class java.lang.String arg: "Load More schemes"
[debug] [AndroidBootstrap] [BOOTSTRAP LOG] [debug] Method name: scrollIntoView
[debug] [AndroidBootstrap] [BOOTSTRAP LOG] [debug] Setting uiObject for scrollIntoView
[debug] [AndroidBootstrap] [BOOTSTRAP LOG] [debug] Invoking method: public boolean com.android.uiautomator.core.UiScrollable.scrollIntoView(com.android.uiautomator.core.UiObject) throws com.android.uiautomator.core.UiObjectNotFoundException with: com.android.uiautomator.core.UiObject@24f755e
[debug] [AndroidBootstrap] [BOOTSTRAP LOG] [debug] Invoke complete.
[debug] [AndroidBootstrap] [BOOTSTRAP LOG] [debug] Using: UiSelector[TEXT=Load More schemes]
[debug] [AndroidBootstrap] [BOOTSTRAP LOG] [debug] Returning result: {"status":7,"value":"No element found"}
[debug] [AndroidBootstrap] Received command result from bootstrap
[debug] [BaseDriver] Waited for 27310 ms so far
[debug] [AndroidBootstrap] Sending command to android: {"cmd":"action","action":"find","params":{"strategy":"-android uiautomator","selector":"new UiScrollable(new UiSelector().resourceId(\"com.climate.farmrise:id/action_bar_root\")).setMaxSearchSwipes(3).scrollIntoView(new UiSelector().text(\"Load More schemes\"))","context":"","multiple":false}}
[debug] [AndroidBootstrap] [BOOTSTRAP LOG] [debug] Got data from client: {"cmd":"action","action":"find","params":{"strategy":"-android uiautomator","selector":"new UiScrollable(new UiSelector().resourceId(\"com.climate.farmrise:id/action_bar_root\")).setMaxSearchSwipes(3).scrollIntoView(new UiSelector().text(\"Load More schemes\"))","context":"","multiple":false}}
[debug] [AndroidBootstrap] [BOOTSTRAP LOG] [debug] Got command of type ACTION
[debug] [AndroidBootstrap] [BOOTSTRAP LOG] [debug] Got command action: find
[debug] [AndroidBootstrap] [BOOTSTRAP LOG] [debug] Finding 'new UiScrollable(new UiSelector().resourceId("com.climate.farmrise:id/action_bar_root")).setMaxSearchSwipes(3).scrollIntoView(new UiSelector().text("Load More schemes"))' using 'ANDROID_UIAUTOMATOR' with the contextId: '' multiple: false
[debug] [AndroidBootstrap] [BOOTSTRAP LOG] [debug] Parsing scrollable: new UiScrollable(new UiSelector().resourceId("com.climate.farmrise:id/action_bar_root")).setMaxSearchSwipes(3).scrollIntoView(new UiSelector().text("Load More schemes"))
[debug] [AndroidBootstrap] [BOOTSTRAP LOG] [debug] UiSelector coerce type: class java.lang.String arg: "com.climate.farmrise:id/action_bar_root"
[debug] [AndroidBootstrap] [BOOTSTRAP LOG] [debug] UiScrollable invoking method: public com.android.uiautomator.core.UiScrollable com.android.uiautomator.core.UiScrollable.setMaxSearchSwipes(int) args: 3,
[debug] [AndroidBootstrap] [BOOTSTRAP LOG] [debug] UiScrollable coerce type: int arg: 3
[debug] [AndroidBootstrap] [BOOTSTRAP LOG] [debug] Method name: setMaxSearchSwipes
[debug] [AndroidBootstrap] [BOOTSTRAP LOG] [debug] UiScrollable invoking method: public boolean com.android.uiautomator.core.UiScrollable.scrollIntoView(com.android.uiautomator.core.UiObject) throws com.android.uiautomator.core.UiObjectNotFoundException args: new UiSelector().text("Load More schemes"),
[debug] [AndroidBootstrap] [BOOTSTRAP LOG] [debug] UiScrollable coerce type: class com.android.uiautomator.core.UiObject arg: new UiSelector().text("Load More schemes")
[debug] [AndroidBootstrap] [BOOTSTRAP LOG] [debug] UiSelector coerce type: class java.lang.String arg: "Load More schemes"
[debug] [AndroidBootstrap] [BOOTSTRAP LOG] [debug] Method name: scrollIntoView
[debug] [AndroidBootstrap] [BOOTSTRAP LOG] [debug] Setting uiObject for scrollIntoView
[debug] [AndroidBootstrap] [BOOTSTRAP LOG] [debug] Invoking method: public boolean com.android.uiautomator.core.UiScrollable.scrollIntoView(com.android.uiautomator.core.UiObject) throws com.android.uiautomator.core.UiObjectNotFoundException with: com.android.uiautomator.core.UiObject@64bcd3f
[debug] [AndroidBootstrap] [BOOTSTRAP LOG] [debug] Invoke complete.
[debug] [AndroidBootstrap] [BOOTSTRAP LOG] [debug] Using: UiSelector[TEXT=Load More schemes]
[debug] [AndroidBootstrap] [BOOTSTRAP LOG] [debug] Failed to locate element. Clearing Accessibility cache and retrying.
[debug] [AndroidBootstrap] [BOOTSTRAP LOG] [debug] Finding 'new UiScrollable(new UiSelector().resourceId("com.climate.farmrise:id/action_bar_root")).setMaxSearchSwipes(3).scrollIntoView(new UiSelector().text("Load More schemes"))' using 'ANDROID_UIAUTOMATOR' with the contextId: '' multiple: false
[debug] [AndroidBootstrap] [BOOTSTRAP LOG] [debug] Parsing scrollable: new UiScrollable(new UiSelector().resourceId("com.climate.farmrise:id/action_bar_root")).setMaxSearchSwipes(3).scrollIntoView(new UiSelector().text("Load More schemes"))
[debug] [AndroidBootstrap] [BOOTSTRAP LOG] [debug] UiSelector coerce type: class java.lang.String arg: "com.climate.farmrise:id/action_bar_root"
[debug] [AndroidBootstrap] [BOOTSTRAP LOG] [debug] UiScrollable invoking method: public com.android.uiautomator.core.UiScrollable com.android.uiautomator.core.UiScrollable.setMaxSearchSwipes(int) args: 3,
[debug] [AndroidBootstrap] [BOOTSTRAP LOG] [debug] UiScrollable coerce type: int arg: 3
[debug] [AndroidBootstrap] [BOOTSTRAP LOG] [debug] Method name: setMaxSearchSwipes
[debug] [AndroidBootstrap] [BOOTSTRAP LOG] [debug] UiScrollable invoking method: public boolean com.android.uiautomator.core.UiScrollable.scrollIntoView(com.android.uiautomator.core.UiObject) throws com.android.uiautomator.core.UiObjectNotFoundException args: new UiSelector().text("Load More schemes"),
[debug] [AndroidBootstrap] [BOOTSTRAP LOG] [debug] UiScrollable coerce type: class com.android.uiautomator.core.UiObject arg: new UiSelector().text("Load More schemes")
[debug] [AndroidBootstrap] [BOOTSTRAP LOG] [debug] UiSelector coerce type: class java.lang.String arg: "Load More schemes"
[debug] [AndroidBootstrap] [BOOTSTRAP LOG] [debug] Method name: scrollIntoView
[debug] [AndroidBootstrap] [BOOTSTRAP LOG] [debug] Setting uiObject for scrollIntoView
[debug] [AndroidBootstrap] [BOOTSTRAP LOG] [debug] Invoking method: public boolean com.android.uiautomator.core.UiScrollable.scrollIntoView(com.android.uiautomator.core.UiObject) throws com.android.uiautomator.core.UiObjectNotFoundException with: com.android.uiautomator.core.UiObject@489c60c
[debug] [AndroidBootstrap] [BOOTSTRAP LOG] [debug] Invoke complete.
[debug] [AndroidBootstrap] [BOOTSTRAP LOG] [debug] Using: UiSelector[TEXT=Load More schemes]
[debug] [AndroidBootstrap] [BOOTSTRAP LOG] [debug] Returning result: {"status":7,"value":"No element found"}
[debug] [AndroidBootstrap] Received command result from bootstrap
[debug] [BaseDriver] Waited for 34040 ms so far
[debug] [AndroidBootstrap] Sending command to android: {"cmd":"action","action":"find","params":{"strategy":"-android uiautomator","selector":"new UiScrollable(new UiSelector().resourceId(\"com.climate.farmrise:id/action_bar_root\")).setMaxSearchSwipes(3).scrollIntoView(new UiSelector().text(\"Load More schemes\"))","context":"","multiple":false}}
[debug] [AndroidBootstrap] [BOOTSTRAP LOG] [debug] Got data from client: {"cmd":"action","action":"find","params":{"strategy":"-android uiautomator","selector":"new UiScrollable(new UiSelector().resourceId(\"com.climate.farmrise:id/action_bar_root\")).setMaxSearchSwipes(3).scrollIntoView(new UiSelector().text(\"Load More schemes\"))","context":"","multiple":false}}
[debug] [AndroidBootstrap] [BOOTSTRAP LOG] [debug] Got command of type ACTION
[debug] [AndroidBootstrap] [BOOTSTRAP LOG] [debug] Got command action: find
[debug] [AndroidBootstrap] [BOOTSTRAP LOG] [debug] Finding 'new UiScrollable(new UiSelector().resourceId("com.climate.farmrise:id/action_bar_root")).setMaxSearchSwipes(3).scrollIntoView(new UiSelector().text("Load More schemes"))' using 'ANDROID_UIAUTOMATOR' with the contextId: '' multiple: false
[debug] [AndroidBootstrap] [BOOTSTRAP LOG] [debug] Parsing scrollable: new UiScrollable(new UiSelector().resourceId("com.climate.farmrise:id/action_bar_root")).setMaxSearchSwipes(3).scrollIntoView(new UiSelector().text("Load More schemes"))
[debug] [AndroidBootstrap] [BOOTSTRAP LOG] [debug] UiSelector coerce type: class java.lang.String arg: "com.climate.farmrise:id/action_bar_root"
[debug] [AndroidBootstrap] [BOOTSTRAP LOG] [debug] UiScrollable invoking method: public com.android.uiautomator.core.UiScrollable com.android.uiautomator.core.UiScrollable.setMaxSearchSwipes(int) args: 3,
[debug] [AndroidBootstrap] [BOOTSTRAP LOG] [debug] UiScrollable coerce type: int arg: 3
[debug] [AndroidBootstrap] [BOOTSTRAP LOG] [debug] Method name: setMaxSearchSwipes
[debug] [AndroidBootstrap] [BOOTSTRAP LOG] [debug] UiScrollable invoking method: public boolean com.android.uiautomator.core.UiScrollable.scrollIntoView(com.android.uiautomator.core.UiObject) throws com.android.uiautomator.core.UiObjectNotFoundException args: new UiSelector().text("Load More schemes"),
[debug] [AndroidBootstrap] [BOOTSTRAP LOG] [debug] UiScrollable coerce type: class com.android.uiautomator.core.UiObject arg: new UiSelector().text("Load More schemes")
[debug] [AndroidBootstrap] [BOOTSTRAP LOG] [debug] UiSelector coerce type: class java.lang.String arg: "Load More schemes"
[debug] [AndroidBootstrap] [BOOTSTRAP LOG] [debug] Method name: scrollIntoView
[debug] [AndroidBootstrap] [BOOTSTRAP LOG] [debug] Setting uiObject for scrollIntoView
[debug] [AndroidBootstrap] [BOOTSTRAP LOG] [debug] Invoking method: public boolean com.android.uiautomator.core.UiScrollable.scrollIntoView(com.android.uiautomator.core.UiObject) throws com.android.uiautomator.core.UiObjectNotFoundException with: com.android.uiautomator.core.UiObject@2492b55
[debug] [AndroidBootstrap] [BOOTSTRAP LOG] [debug] Invoke complete.
[debug] [AndroidBootstrap] [BOOTSTRAP LOG] [debug] Using: UiSelector[TEXT=Load More schemes]
[debug] [AndroidBootstrap] [BOOTSTRAP LOG] [debug] Failed to locate element. Clearing Accessibility cache and retrying.
[debug] [AndroidBootstrap] [BOOTSTRAP LOG] [debug] Finding 'new UiScrollable(new UiSelector().resourceId("com.climate.farmrise:id/action_bar_root")).setMaxSearchSwipes(3).scrollIntoView(new UiSelector().text("Load More schemes"))' using 'ANDROID_UIAUTOMATOR' with the contextId: '' multiple: false
[debug] [AndroidBootstrap] [BOOTSTRAP LOG] [debug] Parsing scrollable: new UiScrollable(new UiSelector().resourceId("com.climate.farmrise:id/action_bar_root")).setMaxSearchSwipes(3).scrollIntoView(new UiSelector().text("Load More schemes"))
[debug] [AndroidBootstrap] [BOOTSTRAP LOG] [debug] UiSelector coerce type: class java.lang.String arg: "com.climate.farmrise:id/action_bar_root"
[debug] [AndroidBootstrap] [BOOTSTRAP LOG] [debug] UiScrollable invoking method: public com.android.uiautomator.core.UiScrollable com.android.uiautomator.core.UiScrollable.setMaxSearchSwipes(int) args: 3,
[debug] [AndroidBootstrap] [BOOTSTRAP LOG] [debug] UiScrollable coerce type: int arg: 3
[debug] [AndroidBootstrap] [BOOTSTRAP LOG] [debug] Method name: setMaxSearchSwipes
[debug] [AndroidBootstrap] [BOOTSTRAP LOG] [debug] UiScrollable invoking method: public boolean com.android.uiautomator.core.UiScrollable.scrollIntoView(com.android.uiautomator.core.UiObject) throws com.android.uiautomator.core.UiObjectNotFoundException args: new UiSelector().text("Load More schemes"),
[debug] [AndroidBootstrap] [BOOTSTRAP LOG] [debug] UiScrollable coerce type: class com.android.uiautomator.core.UiObject arg: new UiSelector().text("Load More schemes")
[debug] [AndroidBootstrap] [BOOTSTRAP LOG] [debug] UiSelector coerce type: class java.lang.String arg: "Load More schemes"
[debug] [AndroidBootstrap] [BOOTSTRAP LOG] [debug] Method name: scrollIntoView
[debug] [AndroidBootstrap] [BOOTSTRAP LOG] [debug] Setting uiObject for scrollIntoView
[debug] [AndroidBootstrap] [BOOTSTRAP LOG] [debug] Invoking method: public boolean com.android.uiautomator.core.UiScrollable.scrollIntoView(com.android.uiautomator.core.UiObject) throws com.android.uiautomator.core.UiObjectNotFoundException with: com.android.uiautomator.core.UiObject@d19896a
[debug] [AndroidBootstrap] [BOOTSTRAP LOG] [debug] Invoke complete.
[debug] [AndroidBootstrap] [BOOTSTRAP LOG] [debug] Using: UiSelector[TEXT=Load More schemes]
[debug] [AndroidBootstrap] [BOOTSTRAP LOG] [debug] Returning result: {"status":7,"value":"No element found"}
[debug] [AndroidBootstrap] Received command result from bootstrap
[debug] [BaseDriver] Waited for 40906 ms so far
[debug] [AndroidBootstrap] Sending command to android: {"cmd":"action","action":"find","params":{"strategy":"-android uiautomator","selector":"new UiScrollable(new UiSelector().resourceId(\"com.climate.farmrise:id/action_bar_root\")).setMaxSearchSwipes(3).scrollIntoView(new UiSelector().text(\"Load More schemes\"))","context":"","multiple":false}}
[debug] [AndroidBootstrap] [BOOTSTRAP LOG] [debug] Got data from client: {"cmd":"action","action":"find","params":{"strategy":"-android uiautomator","selector":"new UiScrollable(new UiSelector().resourceId(\"com.climate.farmrise:id/action_bar_root\")).setMaxSearchSwipes(3).scrollIntoView(new UiSelector().text(\"Load More schemes\"))","context":"","multiple":false}}
[debug] [AndroidBootstrap] [BOOTSTRAP LOG] [debug] Got command of type ACTION
[debug] [AndroidBootstrap] [BOOTSTRAP LOG] [debug] Got command action: find
[debug] [AndroidBootstrap] [BOOTSTRAP LOG] [debug] Finding 'new UiScrollable(new UiSelector().resourceId("com.climate.farmrise:id/action_bar_root")).setMaxSearchSwipes(3).scrollIntoView(new UiSelector().text("Load More schemes"))' using 'ANDROID_UIAUTOMATOR' with the contextId: '' multiple: false
[debug] [AndroidBootstrap] [BOOTSTRAP LOG] [debug] Parsing scrollable: new UiScrollable(new UiSelector().resourceId("com.climate.farmrise:id/action_bar_root")).setMaxSearchSwipes(3).scrollIntoView(new UiSelector().text("Load More schemes"))
[debug] [AndroidBootstrap] [BOOTSTRAP LOG] [debug] UiSelector coerce type: class java.lang.String arg: "com.climate.farmrise:id/action_bar_root"
[debug] [AndroidBootstrap] [BOOTSTRAP LOG] [debug] UiScrollable invoking method: public com.android.uiautomator.core.UiScrollable com.android.uiautomator.core.UiScrollable.setMaxSearchSwipes(int) args: 3,
[debug] [AndroidBootstrap] [BOOTSTRAP LOG] [debug] UiScrollable coerce type: int arg: 3
[debug] [AndroidBootstrap] [BOOTSTRAP LOG] [debug] Method name: setMaxSearchSwipes
[debug] [AndroidBootstrap] [BOOTSTRAP LOG] [debug] UiScrollable invoking method: public boolean com.android.uiautomator.core.UiScrollable.scrollIntoView(com.android.uiautomator.core.UiObject) throws com.android.uiautomator.core.UiObjectNotFoundException args: new UiSelector().text("Load More schemes"),
[debug] [AndroidBootstrap] [BOOTSTRAP LOG] [debug] UiScrollable coerce type: class com.android.uiautomator.core.UiObject arg: new UiSelector().text("Load More schemes")
[debug] [AndroidBootstrap] [BOOTSTRAP LOG] [debug] UiSelector coerce type: class java.lang.String arg: "Load More schemes"
[debug] [AndroidBootstrap] [BOOTSTRAP LOG] [debug] Method name: scrollIntoView
[debug] [AndroidBootstrap] [BOOTSTRAP LOG] [debug] Setting uiObject for scrollIntoView
[debug] [AndroidBootstrap] [BOOTSTRAP LOG] [debug] Invoking method: public boolean com.android.uiautomator.core.UiScrollable.scrollIntoView(com.android.uiautomator.core.UiObject) throws com.android.uiautomator.core.UiObjectNotFoundException with: com.android.uiautomator.core.UiObject@db9fe5b
[debug] [AndroidBootstrap] [BOOTSTRAP LOG] [debug] Invoke complete.
[debug] [AndroidBootstrap] [BOOTSTRAP LOG] [debug] Using: UiSelector[TEXT=Load More schemes]
[debug] [AndroidBootstrap] [BOOTSTRAP LOG] [debug] Failed to locate element. Clearing Accessibility cache and retrying.
[debug] [AndroidBootstrap] [BOOTSTRAP LOG] [debug] Finding 'new UiScrollable(new UiSelector().resourceId("com.climate.farmrise:id/action_bar_root")).setMaxSearchSwipes(3).scrollIntoView(new UiSelector().text("Load More schemes"))' using 'ANDROID_UIAUTOMATOR' with the contextId: '' multiple: false
[debug] [AndroidBootstrap] [BOOTSTRAP LOG] [debug] Parsing scrollable: new UiScrollable(new UiSelector().resourceId("com.climate.farmrise:id/action_bar_root")).setMaxSearchSwipes(3).scrollIntoView(new UiSelector().text("Load More schemes"))
[debug] [AndroidBootstrap] [BOOTSTRAP LOG] [debug] UiSelector coerce type: class java.lang.String arg: "com.climate.farmrise:id/action_bar_root"
[debug] [AndroidBootstrap] [BOOTSTRAP LOG] [debug] UiScrollable invoking method: public com.android.uiautomator.core.UiScrollable com.android.uiautomator.core.UiScrollable.setMaxSearchSwipes(int) args: 3,
[debug] [AndroidBootstrap] [BOOTSTRAP LOG] [debug] UiScrollable coerce type: int arg: 3
[debug] [AndroidBootstrap] [BOOTSTRAP LOG] [debug] Method name: setMaxSearchSwipes
[debug] [AndroidBootstrap] [UIAUTO STDOUT] [APPIUM-UIAUTO] [debug]
[debug] [AndroidBootstrap] [UIAUTO STDOUT]  UiScrollable invoking method: public boolean com.android.uiautomator.core.UiScrollable.scrollIntoView(com.android.uiautomator.core.UiObject) throws com.android.uiautomator.core.UiObjectNotFoundException args: new UiSelector().text("Load More schemes"), [/APPIUM-UIAUTO]
[debug] [AndroidBootstrap] [BOOTSTRAP LOG] [debug] UiScrollable coerce type: class com.android.uiautomator.core.UiObject arg: new UiSelector().text("Load More schemes")
[debug] [AndroidBootstrap] [BOOTSTRAP LOG] [debug] UiSelector coerce type: class java.lang.String arg: "Load More schemes"
[debug] [AndroidBootstrap] [BOOTSTRAP LOG] [debug] Method name: scrollIntoView
[debug] [AndroidBootstrap] [BOOTSTRAP LOG] [debug] Setting uiObject for scrollIntoView
[debug] [AndroidBootstrap] [BOOTSTRAP LOG] [debug] Invoking method: public boolean com.android.uiautomator.core.UiScrollable.scrollIntoView(com.android.uiautomator.core.UiObject) throws com.android.uiautomator.core.UiObjectNotFoundException with: com.android.uiautomator.core.UiObject@91336f8
[debug] [AndroidBootstrap] [BOOTSTRAP LOG] [debug] Invoke complete.
[debug] [AndroidBootstrap] [BOOTSTRAP LOG] [debug] Using: UiSelector[TEXT=Load More schemes]
[debug] [AndroidBootstrap] [BOOTSTRAP LOG] [debug] Returning result: {"status":7,"value":"No element found"}
[debug] [AndroidBootstrap] Received command result from bootstrap
[debug] [BaseDriver] Waited for 47828 ms so far
[debug] [AndroidBootstrap] Sending command to android: {"cmd":"action","action":"find","params":{"strategy":"-android uiautomator","selector":"new UiScrollable(new UiSelector().resourceId(\"com.climate.farmrise:id/action_bar_root\")).setMaxSearchSwipes(3).scrollIntoView(new UiSelector().text(\"Load More schemes\"))","context":"","multiple":false}}
[debug] [AndroidBootstrap] [BOOTSTRAP LOG] [debug] Got data from client: {"cmd":"action","action":"find","params":{"strategy":"-android uiautomator","selector":"new UiScrollable(new UiSelector().resourceId(\"com.climate.farmrise:id/action_bar_root\")).setMaxSearchSwipes(3).scrollIntoView(new UiSelector().text(\"Load More schemes\"))","context":"","multiple":false}}
[debug] [AndroidBootstrap] [BOOTSTRAP LOG] [debug] Got command of type ACTION
[debug] [AndroidBootstrap] [BOOTSTRAP LOG] [debug] Got command action: find
[debug] [AndroidBootstrap] [BOOTSTRAP LOG] [debug] Finding 'new UiScrollable(new UiSelector().resourceId("com.climate.farmrise:id/action_bar_root")).setMaxSearchSwipes(3).scrollIntoView(new UiSelector().text("Load More schemes"))' using 'ANDROID_UIAUTOMATOR' with the contextId: '' multiple: false
[debug] [AndroidBootstrap] [BOOTSTRAP LOG] [debug] Parsing scrollable: new UiScrollable(new UiSelector().resourceId("com.climate.farmrise:id/action_bar_root")).setMaxSearchSwipes(3).scrollIntoView(new UiSelector().text("Load More schemes"))
[debug] [AndroidBootstrap] [BOOTSTRAP LOG] [debug] UiSelector coerce type: class java.lang.String arg: "com.climate.farmrise:id/action_bar_root"
[debug] [AndroidBootstrap] [BOOTSTRAP LOG] [debug] UiScrollable invoking method: public com.android.uiautomator.core.UiScrollable com.android.uiautomator.core.UiScrollable.setMaxSearchSwipes(int) args: 3,
[debug] [AndroidBootstrap] [BOOTSTRAP LOG] [debug] UiScrollable coerce type: int arg: 3
[debug] [AndroidBootstrap] [BOOTSTRAP LOG] [debug] Method name: setMaxSearchSwipes
[debug] [AndroidBootstrap] [BOOTSTRAP LOG] [debug] UiScrollable invoking method: public boolean com.android.uiautomator.core.UiScrollable.scrollIntoView(com.android.uiautomator.core.UiObject) throws com.android.uiautomator.core.UiObjectNotFoundException args: new UiSelector().text("Load More schemes"),
[debug] [AndroidBootstrap] [BOOTSTRAP LOG] [debug] UiScrollable coerce type: class com.android.uiautomator.core.UiObject arg: new UiSelector().text("Load More schemes")
[debug] [AndroidBootstrap] [BOOTSTRAP LOG] [debug] UiSelector coerce type: class java.lang.String arg: "Load More schemes"
[debug] [AndroidBootstrap] [BOOTSTRAP LOG] [debug] Method name: scrollIntoView
[debug] [AndroidBootstrap] [BOOTSTRAP LOG] [debug] Setting uiObject for scrollIntoView
[debug] [AndroidBootstrap] [BOOTSTRAP LOG] [debug] Invoking method: public boolean com.android.uiautomator.core.UiScrollable.scrollIntoView(com.android.uiautomator.core.UiObject) throws com.android.uiautomator.core.UiObjectNotFoundException with: com.android.uiautomator.core.UiObject@3be27d1
[debug] [AndroidBootstrap] [BOOTSTRAP LOG] [debug] Invoke complete.
[debug] [AndroidBootstrap] [BOOTSTRAP LOG] [debug] Using: UiSelector[TEXT=Load More schemes]
[debug] [AndroidBootstrap] [BOOTSTRAP LOG] [debug] Failed to locate element. Clearing Accessibility cache and retrying.
[debug] [AndroidBootstrap] [BOOTSTRAP LOG] [debug] Finding 'new UiScrollable(new UiSelector().resourceId("com.climate.farmrise:id/action_bar_root")).setMaxSearchSwipes(3).scrollIntoView(new UiSelector().text("Load More schemes"))' using 'ANDROID_UIAUTOMATOR' with the contextId: '' multiple: false
[debug] [AndroidBootstrap] [BOOTSTRAP LOG] [debug] Parsing scrollable: new UiScrollable(new UiSelector().resourceId("com.climate.farmrise:id/action_bar_root")).setMaxSearchSwipes(3).scrollIntoView(new UiSelector().text("Load More schemes"))
[debug] [AndroidBootstrap] [BOOTSTRAP LOG] [debug] UiSelector coerce type: class java.lang.String arg: "com.climate.farmrise:id/action_bar_root"
[debug] [AndroidBootstrap] [BOOTSTRAP LOG] [debug] UiScrollable invoking method: public com.android.uiautomator.core.UiScrollable com.android.uiautomator.core.UiScrollable.setMaxSearchSwipes(int) args: 3,
[debug] [AndroidBootstrap] [BOOTSTRAP LOG] [debug] UiScrollable coerce type: int arg: 3
[debug] [AndroidBootstrap] [BOOTSTRAP LOG] [debug] Method name: setMaxSearchSwipes
[debug] [AndroidBootstrap] [BOOTSTRAP LOG] [debug] UiScrollable invoking method: public boolean com.android.uiautomator.core.UiScrollable.scrollIntoView(com.android.uiautomator.core.UiObject) throws com.android.uiautomator.core.UiObjectNotFoundException args: new UiSelector().text("Load More schemes"),
[debug] [AndroidBootstrap] [BOOTSTRAP LOG] [debug] UiScrollable coerce type: class com.android.uiautomator.core.UiObject arg: new UiSelector().text("Load More schemes")
[debug] [AndroidBootstrap] [BOOTSTRAP LOG] [debug] UiSelector coerce type: class java.lang.String arg: "Load More schemes"
[debug] [AndroidBootstrap] [BOOTSTRAP LOG] [debug] Method name: scrollIntoView
[debug] [AndroidBootstrap] [BOOTSTRAP LOG] [debug] Setting uiObject for scrollIntoView
[debug] [AndroidBootstrap] [BOOTSTRAP LOG] [debug] Invoking method: public boolean com.android.uiautomator.core.UiScrollable.scrollIntoView(com.android.uiautomator.core.UiObject) throws com.android.uiautomator.core.UiObjectNotFoundException with: com.android.uiautomator.core.UiObject@4bed236
[debug] [AndroidBootstrap] [BOOTSTRAP LOG] [debug] Invoke complete.
[debug] [AndroidBootstrap] [BOOTSTRAP LOG] [debug] Using: UiSelector[TEXT=Load More schemes]
[debug] [AndroidBootstrap] [BOOTSTRAP LOG] [debug] Returning result: {"status":7,"value":"No element found"}
[debug] [AndroidBootstrap] Received command result from bootstrap
[debug] [BaseDriver] Waited for 54820 ms so far
[debug] [AndroidBootstrap] Sending command to android: {"cmd":"action","action":"find","params":{"strategy":"-android uiautomator","selector":"new UiScrollable(new UiSelector().resourceId(\"com.climate.farmrise:id/action_bar_root\")).setMaxSearchSwipes(3).scrollIntoView(new UiSelector().text(\"Load More schemes\"))","context":"","multiple":false}}
[debug] [AndroidBootstrap] [BOOTSTRAP LOG] [debug] Got data from client: {"cmd":"action","action":"find","params":{"strategy":"-android uiautomator","selector":"new UiScrollable(new UiSelector().resourceId(\"com.climate.farmrise:id/action_bar_root\")).setMaxSearchSwipes(3).scrollIntoView(new UiSelector().text(\"Load More schemes\"))","context":"","multiple":false}}
[debug] [AndroidBootstrap] [BOOTSTRAP LOG] [debug] Got command of type ACTION
[debug] [AndroidBootstrap] [BOOTSTRAP LOG] [debug] Got command action: find
[debug] [AndroidBootstrap] [BOOTSTRAP LOG] [debug] Finding 'new UiScrollable(new UiSelector().resourceId("com.climate.farmrise:id/action_bar_root")).setMaxSearchSwipes(3).scrollIntoView(new UiSelector().text("Load More schemes"))' using 'ANDROID_UIAUTOMATOR' with the contextId: '' multiple: false
[debug] [AndroidBootstrap] [BOOTSTRAP LOG] [debug] Parsing scrollable: new UiScrollable(new UiSelector().resourceId("com.climate.farmrise:id/action_bar_root")).setMaxSearchSwipes(3).scrollIntoView(new UiSelector().text("Load More schemes"))
[debug] [AndroidBootstrap] [BOOTSTRAP LOG] [debug] UiSelector coerce type: class java.lang.String arg: "com.climate.farmrise:id/action_bar_root"
[debug] [AndroidBootstrap] [BOOTSTRAP LOG] [debug] UiScrollable invoking method: public com.android.uiautomator.core.UiScrollable com.android.uiautomator.core.UiScrollable.setMaxSearchSwipes(int) args: 3,
[debug] [AndroidBootstrap] [BOOTSTRAP LOG] [debug] UiScrollable coerce type: int arg: 3
[debug] [AndroidBootstrap] [BOOTSTRAP LOG] [debug] Method name: setMaxSearchSwipes
[debug] [AndroidBootstrap] [BOOTSTRAP LOG] [debug] UiScrollable invoking method: public boolean com.android.uiautomator.core.UiScrollable.scrollIntoView(com.android.uiautomator.core.UiObject) throws com.android.uiautomator.core.UiObjectNotFoundException args: new UiSelector().text("Load More schemes"),
[debug] [AndroidBootstrap] [BOOTSTRAP LOG] [debug] UiScrollable coerce type: class com.android.uiautomator.core.UiObject arg: new UiSelector().text("Load More schemes")
[debug] [AndroidBootstrap] [BOOTSTRAP LOG] [debug] UiSelector coerce type: class java.lang.String arg: "Load More schemes"
[debug] [AndroidBootstrap] [BOOTSTRAP LOG] [debug] Method name: scrollIntoView
[debug] [AndroidBootstrap] [BOOTSTRAP LOG] [debug] Setting uiObject for scrollIntoView
[debug] [AndroidBootstrap] [BOOTSTRAP LOG] [debug] Invoking method: public boolean com.android.uiautomator.core.UiScrollable.scrollIntoView(com.android.uiautomator.core.UiObject) throws com.android.uiautomator.core.UiObjectNotFoundException with: com.android.uiautomator.core.UiObject@5102537
[debug] [AndroidBootstrap] [BOOTSTRAP LOG] [debug] Invoke complete.
[debug] [AndroidBootstrap] [BOOTSTRAP LOG] [debug] Using: UiSelector[TEXT=Load More schemes]
[debug] [AndroidBootstrap] [BOOTSTRAP LOG] [debug] Failed to locate element. Clearing Accessibility cache and retrying.
[debug] [AndroidBootstrap] [BOOTSTRAP LOG] [debug] Finding 'new UiScrollable(new UiSelector().resourceId("com.climate.farmrise:id/action_bar_root")).setMaxSearchSwipes(3).scrollIntoView(new UiSelector().text("Load More schemes"))' using 'ANDROID_UIAUTOMATOR' with the contextId: '' multiple: false
[debug] [AndroidBootstrap] [BOOTSTRAP LOG] [debug] Parsing scrollable: new UiScrollable(new UiSelector().resourceId("com.climate.farmrise:id/action_bar_root")).setMaxSearchSwipes(3).scrollIntoView(new UiSelector().text("Load More schemes"))
[debug] [AndroidBootstrap] [BOOTSTRAP LOG] [debug] UiSelector coerce type: class java.lang.String arg: "com.climate.farmrise:id/action_bar_root"
[debug] [AndroidBootstrap] [BOOTSTRAP LOG] [debug] UiScrollable invoking method: public com.android.uiautomator.core.UiScrollable com.android.uiautomator.core.UiScrollable.setMaxSearchSwipes(int) args: 3,
[debug] [AndroidBootstrap] [BOOTSTRAP LOG] [debug] UiScrollable coerce type: int arg: 3
[debug] [AndroidBootstrap] [BOOTSTRAP LOG] [debug] Method name: setMaxSearchSwipes
[debug] [AndroidBootstrap] [BOOTSTRAP LOG] [debug] UiScrollable invoking method: public boolean com.android.uiautomator.core.UiScrollable.scrollIntoView(com.android.uiautomator.core.UiObject) throws com.android.uiautomator.core.UiObjectNotFoundException args: new UiSelector().text("Load More schemes"),
[debug] [AndroidBootstrap] [BOOTSTRAP LOG] [debug] UiScrollable coerce type: class com.android.uiautomator.core.UiObject arg: new UiSelector().text("Load More schemes")
[debug] [AndroidBootstrap] [BOOTSTRAP LOG] [debug] UiSelector coerce type: class java.lang.String arg: "Load More schemes"
[debug] [AndroidBootstrap] [BOOTSTRAP LOG] [debug] Method name: scrollIntoView
[debug] [AndroidBootstrap] [BOOTSTRAP LOG] [debug] Setting uiObject for scrollIntoView
[debug] [AndroidBootstrap] [BOOTSTRAP LOG] [debug] Invoking method: public boolean com.android.uiautomator.core.UiScrollable.scrollIntoView(com.android.uiautomator.core.UiObject) throws com.android.uiautomator.core.UiObjectNotFoundException with: com.android.uiautomator.core.UiObject@2c0caa4
[debug] [AndroidBootstrap] [BOOTSTRAP LOG] [debug] Invoke complete.
[debug] [AndroidBootstrap] [BOOTSTRAP LOG] [debug] Using: UiSelector[TEXT=Load More schemes]
[...]
[debug] [AndroidBootstrap] [BOOTSTRAP LOG] [debug] Got command of type ACTION
[debug] [AndroidBootstrap] [BOOTSTRAP LOG] [debug] Got command action: find
[debug] [AndroidBootstrap] [BOOTSTRAP LOG] [debug] Finding 'com.climate.farmrise:id/sorry_txt' using 'ID' with the contextId: '' multiple: false
[debug] [AndroidBootstrap] [BOOTSTRAP LOG] [debug] Using: UiSelector[INSTANCE=0, RESOURCE_ID=com.climate.farmrise:id/sorry_txt]
[debug] [AndroidBootstrap] [BOOTSTRAP LOG] [debug] Failed to locate element. Clearing Accessibility cache and retrying.
[debug] [AndroidBootstrap] [BOOTSTRAP LOG] [debug] Finding 'com.climate.farmrise:id/sorry_txt' using 'ID' with the contextId: '' multiple: false
[debug] [AndroidBootstrap] [BOOTSTRAP LOG] [debug] Using: UiSelector[INSTANCE=0, RESOURCE_ID=com.climate.farmrise:id/sorry_txt]
[debug] [AndroidBootstrap] [BOOTSTRAP LOG] [debug] Returning result: {"status":7,"value":"No element found"}
[debug] [AndroidBootstrap] Received command result from bootstrap
[debug] [BaseDriver] Waited for 6527 ms so far
[debug] [AndroidBootstrap] Sending command to android: {"cmd":"action","action":"find","params":{"strategy":"id","selector":"com.climate.farmrise:id/sorry_txt","context":"","multiple":false}}
[debug] [AndroidBootstrap] [BOOTSTRAP LOG] [debug] Got data from client: {"cmd":"action","action":"find","params":{"strategy":"id","selector":"com.climate.farmrise:id/sorry_txt","context":"","multiple":false}}
[debug] [AndroidBootstrap] [BOOTSTRAP LOG] [debug] Got command of type ACTION
[debug] [AndroidBootstrap] [BOOTSTRAP LOG] [debug] Got command action: find
[debug] [AndroidBootstrap] [BOOTSTRAP LOG] [debug] Finding 'com.climate.farmrise:id/sorry_txt' using 'ID' with the contextId: '' multiple: false
[debug] [AndroidBootstrap] [BOOTSTRAP LOG] [debug] Using: UiSelector[INSTANCE=0, RESOURCE_ID=com.climate.farmrise:id/sorry_txt]
[debug] [AndroidBootstrap] [BOOTSTRAP LOG] [debug] Failed to locate element. Clearing Accessibility cache and retrying.
[debug] [AndroidBootstrap] [BOOTSTRAP LOG] [debug] Finding 'com.climate.farmrise:id/sorry_txt' using 'ID' with the contextId: '' multiple: false
[debug] [AndroidBootstrap] [BOOTSTRAP LOG] [debug] Using: UiSelector[INSTANCE=0, RESOURCE_ID=com.climate.farmrise:id/sorry_txt]
[debug] [AndroidBootstrap] [BOOTSTRAP LOG] [debug] Returning result: {"status":7,"value":"No element found"}
[debug] [AndroidBootstrap] Received command result from bootstrap
[debug] [BaseDriver] Waited for 7128 ms so far
[debug] [AndroidBootstrap] Sending command to android: {"cmd":"action","action":"find","params":{"strategy":"id","selector":"com.climate.farmrise:id/sorry_txt","context":"","multiple":false}}
[debug] [AndroidBootstrap] [BOOTSTRAP LOG] [debug] Got data from client: {"cmd":"action","action":"find","params":{"strategy":"id","selector":"com.climate.farmrise:id/sorry_txt","context":"","multiple":false}}
[debug] [AndroidBootstrap] [BOOTSTRAP LOG] [debug] Got command of type ACTION
[debug] [AndroidBootstrap] [BOOTSTRAP LOG] [debug] Got command action: find
[debug] [AndroidBootstrap] [BOOTSTRAP LOG] [debug] Finding 'com.climate.farmrise:id/sorry_txt' using 'ID' with the contextId: '' multiple: false
[debug] [AndroidBootstrap] [BOOTSTRAP LOG] [debug] Using: UiSelector[INSTANCE=0, RESOURCE_ID=com.climate.farmrise:id/sorry_txt]
[debug] [AndroidBootstrap] [BOOTSTRAP LOG] [debug] Failed to locate element. Clearing Accessibility cache and retrying.
[debug] [AndroidBootstrap] [BOOTSTRAP LOG] [debug] Finding 'com.climate.farmrise:id/sorry_txt' using 'ID' with the contextId: '' multiple: false
[debug] [AndroidBootstrap] [BOOTSTRAP LOG] [debug] Using: UiSelector[INSTANCE=0, RESOURCE_ID=com.climate.farmrise:id/sorry_txt]
[debug] [AndroidBootstrap] [BOOTSTRAP LOG] [debug] Returning result: {"status":7,"value":"No element found"}
[debug] [AndroidBootstrap] Received command result from bootstrap
[debug] [BaseDriver] Waited for 7743 ms so far
[debug] [AndroidBootstrap] Sending command to android: {"cmd":"action","action":"find","params":{"strategy":"id","selector":"com.climate.farmrise:id/sorry_txt","context":"","multiple":false}}
[debug] [AndroidBootstrap] [BOOTSTRAP LOG] [debug] Got data from client: {"cmd":"action","action":"find","params":{"strategy":"id","selector":"com.climate.farmrise:id/sorry_txt","context":"","multiple":false}}
[debug] [AndroidBootstrap] [BOOTSTRAP LOG] [debug] Got command of type ACTION
[debug] [AndroidBootstrap] [BOOTSTRAP LOG] [debug] Got command action: find
[debug] [AndroidBootstrap] [BOOTSTRAP LOG] [debug] Finding 'com.climate.farmrise:id/sorry_txt' using 'ID' with the contextId: '' multiple: false
[debug] [AndroidBootstrap] [BOOTSTRAP LOG] [debug] Using: UiSelector[INSTANCE=0, RESOURCE_ID=com.climate.farmrise:id/sorry_txt]
[debug] [AndroidBootstrap] [BOOTSTRAP LOG] [debug] Failed to locate element. Clearing Accessibility cache and retrying.
[debug] [AndroidBootstrap] [BOOTSTRAP LOG] [debug] Finding 'com.climate.farmrise:id/sorry_txt' using 'ID' with the contextId: '' multiple: false
[debug] [AndroidBootstrap] [BOOTSTRAP LOG] [debug] Using: UiSelector[INSTANCE=0, RESOURCE_ID=com.climate.farmrise:id/sorry_txt]
[debug] [AndroidBootstrap] [BOOTSTRAP LOG] [debug] Returning result: {"status":7,"value":"No element found"}
[debug] [AndroidBootstrap] Received command result from bootstrap
[debug] [BaseDriver] Waited for 8340 ms so far
[debug] [AndroidBootstrap] Sending command to android: {"cmd":"action","action":"find","params":{"strategy":"id","selector":"com.climate.farmrise:id/sorry_txt","context":"","multiple":false}}
[debug] [AndroidBootstrap] [BOOTSTRAP LOG] [debug] Got data from client: {"cmd":"action","action":"find","params":{"strategy":"id","selector":"com.climate.farmrise:id/sorry_txt","context":"","multiple":false}}
[debug] [AndroidBootstrap] [BOOTSTRAP LOG] [debug] Got command of type ACTION
[debug] [AndroidBootstrap] [BOOTSTRAP LOG] [debug] Got command action: find
[debug] [AndroidBootstrap] [BOOTSTRAP LOG] [debug] Finding 'com.climate.farmrise:id/sorry_txt' using 'ID' with the contextId: '' multiple: false
[debug] [AndroidBootstrap] [BOOTSTRAP LOG] [debug] Using: UiSelector[INSTANCE=0, RESOURCE_ID=com.climate.farmrise:id/sorry_txt]
[debug] [AndroidBootstrap] [BOOTSTRAP LOG] [debug] Failed to locate element. Clearing Accessibility cache and retrying.
[debug] [AndroidBootstrap] [BOOTSTRAP LOG] [debug] Finding 'com.climate.farmrise:id/sorry_txt' using 'ID' with the contextId: '' multiple: false
[debug] [AndroidBootstrap] [BOOTSTRAP LOG] [debug] Using: UiSelector[INSTANCE=0, RESOURCE_ID=com.climate.farmrise:id/sorry_txt]
[debug] [AndroidBootstrap] [BOOTSTRAP LOG] [debug] Returning result: {"status":7,"value":"No element found"}
[debug] [AndroidBootstrap] Received command result from bootstrap
[debug] [BaseDriver] Waited for 9093 ms so far
[debug] [AndroidBootstrap] Sending command to android: {"cmd":"action","action":"find","params":{"strategy":"id","selector":"com.climate.farmrise:id/sorry_txt","context":"","multiple":false}}
[debug] [AndroidBootstrap] [BOOTSTRAP LOG] [debug] Got data from client: {"cmd":"action","action":"find","params":{"strategy":"id","selector":"com.climate.farmrise:id/sorry_txt","context":"","multiple":false}}
[debug] [AndroidBootstrap] [BOOTSTRAP LOG] [debug] Got command of type ACTION
[debug] [AndroidBootstrap] [BOOTSTRAP LOG] [debug] Got command action: find
[debug] [AndroidBootstrap] [BOOTSTRAP LOG] [debug] Finding 'com.climate.farmrise:id/sorry_txt' using 'ID' with the contextId: '' multiple: false
[debug] [AndroidBootstrap] [BOOTSTRAP LOG] [debug] Using: UiSelector[INSTANCE=0, RESOURCE_ID=com.climate.farmrise:id/sorry_txt]
[debug] [AndroidBootstrap] [BOOTSTRAP LOG] [debug] Failed to locate element. Clearing Accessibility cache and retrying.
[debug] [AndroidBootstrap] [BOOTSTRAP LOG] [debug] Finding 'com.climate.farmrise:id/sorry_txt' using 'ID' with the contextId: '' multiple: false
[debug] [AndroidBootstrap] [BOOTSTRAP LOG] [debug] Using: UiSelector[INSTANCE=0, RESOURCE_ID=com.climate.farmrise:id/sorry_txt]
[debug] [AndroidBootstrap] [BOOTSTRAP LOG] [debug] Returning result: {"status":7,"value":"No element found"}
[debug] [AndroidBootstrap] Received command result from bootstrap
[debug] [BaseDriver] Waited for 9681 ms so far
[debug] [AndroidBootstrap] Sending command to android: {"cmd":"action","action":"find","params":{"strategy":"id","selector":"com.climate.farmrise:id/sorry_txt","context":"","multiple":false}}
[debug] [AndroidBootstrap] [BOOTSTRAP LOG] [debug] Got data from client: {"cmd":"action","action":"find","params":{"strategy":"id","selector":"com.climate.farmrise:id/sorry_txt","context":"","multiple":false}}
[debug] [AndroidBootstrap] [BOOTSTRAP LOG] [debug] Got command of type ACTION
[debug] [AndroidBootstrap] [BOOTSTRAP LOG] [debug] Got command action: find
[debug] [AndroidBootstrap] [BOOTSTRAP LOG] [debug] Finding 'com.climate.farmrise:id/sorry_txt' using 'ID' with the contextId: '' multiple: false
[debug] [AndroidBootstrap] [BOOTSTRAP LOG] [debug] Using: UiSelector[INSTANCE=0, RESOURCE_ID=com.climate.farmrise:id/sorry_txt]
[debug] [AndroidBootstrap] [BOOTSTRAP LOG] [debug] Failed to locate element. Clearing Accessibility cache and retrying.
[debug] [AndroidBootstrap] Received command result from bootstrap
[debug] [BaseDriver] Waited for 10220 ms so far
[debug] [AndroidBootstrap] [BOOTSTRAP LOG] [debug] Finding 'com.climate.farmrise:id/sorry_txt' using 'ID' with the contextId: '' multiple: false
[debug] [AndroidBootstrap] [BOOTSTRAP LOG] [debug] Using: UiSelector[INSTANCE=0, RESOURCE_ID=com.climate.farmrise:id/sorry_txt]
[debug] [AndroidBootstrap] [BOOTSTRAP LOG] [debug] Returning result: {"status":7,"value":"No element found"}
[debug] [AndroidBootstrap] Sending command to android: {"cmd":"action","action":"find","params":{"strategy":"id","selector":"com.climate.farmrise:id/sorry_txt","context":"","multiple":false}}
[debug] [AndroidBootstrap] [BOOTSTRAP LOG] [debug] Got data from client: {"cmd":"action","action":"find","params":{"strategy":"id","selector":"com.climate.farmrise:id/sorry_txt","context":"","multiple":false}}
[debug] [AndroidBootstrap] [BOOTSTRAP LOG] [debug] Got command of type ACTION
[debug] [AndroidBootstrap] [BOOTSTRAP LOG] [debug] Got command action: find
[debug] [AndroidBootstrap] [BOOTSTRAP LOG] [debug] Finding 'com.climate.farmrise:id/sorry_txt' using 'ID' with the contextId: '' multiple: false
[debug] [AndroidBootstrap] [BOOTSTRAP LOG] [debug] Using: UiSelector[INSTANCE=0, RESOURCE_ID=com.climate.farmrise:id/sorry_txt]
[debug] [AndroidBootstrap] [BOOTSTRAP LOG] [debug] Failed to locate element. Clearing Accessibility cache and retrying.
[debug] [AndroidBootstrap] [BOOTSTRAP LOG] [debug] Finding 'com.climate.farmrise:id/sorry_txt' using 'ID' with the contextId: '' multiple: false
[debug] [AndroidBootstrap] [BOOTSTRAP LOG] [debug] Using: UiSelector[INSTANCE=0, RESOURCE_ID=com.climate.farmrise:id/sorry_txt]
[debug] [AndroidBootstrap] Received command result from bootstrap
[debug] [BaseDriver] Waited for 10747 ms so far
[debug] [AndroidBootstrap] [BOOTSTRAP LOG] [debug] Returning result: {"status":7,"value":"No element found"}
[debug] [AndroidBootstrap] Sending command to android: {"cmd":"action","action":"find","params":{"strategy":"id","selector":"com.climate.farmrise:id/sorry_txt","context":"","multiple":false}}
[debug] [AndroidBootstrap] [BOOTSTRAP LOG] [debug] Got data from client: {"cmd":"action","action":"find","params":{"strategy":"id","selector":"com.climate.farmrise:id/sorry_txt","context":"","multiple":false}}
[debug] [AndroidBootstrap] [BOOTSTRAP LOG] [debug] Got command of type ACTION
[debug] [AndroidBootstrap] [BOOTSTRAP LOG] [debug] Got command action: find
[debug] [AndroidBootstrap] [BOOTSTRAP LOG] [debug] Finding 'com.climate.farmrise:id/sorry_txt' using 'ID' with the contextId: '' multiple: false
[debug] [AndroidBootstrap] [BOOTSTRAP LOG] [debug] Using: UiSelector[INSTANCE=0, RESOURCE_ID=com.climate.farmrise:id/sorry_txt]
[debug] [AndroidBootstrap] Received command result from bootstrap
[debug] [BaseDriver] Waited for 11270 ms so far
[debug] [AndroidBootstrap] [BOOTSTRAP LOG] [debug] Failed to locate element. Clearing Accessibility cache and retrying.
[debug] [AndroidBootstrap] [BOOTSTRAP LOG] [debug] Finding 'com.climate.farmrise:id/sorry_txt' using 'ID' with the contextId: '' multiple: false
[debug] [AndroidBootstrap] [BOOTSTRAP LOG] [debug] Using: UiSelector[INSTANCE=0, RESOURCE_ID=com.climate.farmrise:id/sorry_txt]
[debug] [AndroidBootstrap] [BOOTSTRAP LOG] [debug] Returning result: {"status":7,"value":"No element found"}
[debug] [AndroidBootstrap] Sending command to android: {"cmd":"action","action":"find","params":{"strategy":"id","selector":"com.climate.farmrise:id/sorry_txt","context":"","multiple":false}}
[debug] [AndroidBootstrap] [BOOTSTRAP LOG] [debug] Got data from client: {"cmd":"action","action":"find","params":{"strategy":"id","selector":"com.climate.farmrise:id/sorry_txt","context":"","multiple":false}}
[debug] [AndroidBootstrap] [BOOTSTRAP LOG] [debug] Got command of type ACTION
[debug] [AndroidBootstrap] [BOOTSTRAP LOG] [debug] Got command action: find
[debug] [AndroidBootstrap] [BOOTSTRAP LOG] [debug] Finding 'com.climate.farmrise:id/sorry_txt' using 'ID' with the contextId: '' multiple: false
[debug] [AndroidBootstrap] [BOOTSTRAP LOG] [debug] Using: UiSelector[INSTANCE=0, RESOURCE_ID=com.climate.farmrise:id/sorry_txt]
[debug] [AndroidBootstrap] [BOOTSTRAP LOG] [debug] Failed to locate element. Clearing Accessibility cache and retrying.
[debug] [AndroidBootstrap] [BOOTSTRAP LOG] [debug] Finding 'com.climate.farmrise:id/sorry_txt' using 'ID' with the contextId: '' multiple: false
[debug] [AndroidBootstrap] [BOOTSTRAP LOG] [debug] Using: UiSelector[INSTANCE=0, RESOURCE_ID=com.climate.farmrise:id/sorry_txt]
[debug] [AndroidBootstrap] Received command result from bootstrap
[debug] [BaseDriver] Waited for 11799 ms so far
[debug] [AndroidBootstrap] [BOOTSTRAP LOG] [debug] Returning result: {"status":7,"value":"No element found"}
[debug] [AndroidBootstrap] Sending command to android: {"cmd":"action","action":"find","params":{"strategy":"id","selector":"com.climate.farmrise:id/sorry_txt","context":"","multiple":false}}
[debug] [AndroidBootstrap] [BOOTSTRAP LOG] [debug] Got data from client: {"cmd":"action","action":"find","params":{"strategy":"id","selector":"com.climate.farmrise:id/sorry_txt","context":"","multiple":false}}
[debug] [AndroidBootstrap] [BOOTSTRAP LOG] [debug] Got command of type ACTION
[debug] [AndroidBootstrap] [BOOTSTRAP LOG] [debug] Got command action: find
[debug] [AndroidBootstrap] [BOOTSTRAP LOG] [debug] Finding 'com.climate.farmrise:id/sorry_txt' using 'ID' with the contextId: '' multiple: false
[debug] [AndroidBootstrap] [BOOTSTRAP LOG] [debug] Using: UiSelector[INSTANCE=0, RESOURCE_ID=com.climate.farmrise:id/sorry_txt]
[debug] [AndroidBootstrap] [BOOTSTRAP LOG] [debug] Returning result: {"status":0,"value":{"ELEMENT":"85"}}
[debug] [AndroidBootstrap] Received command result from bootstrap
[debug] [MJSONWP] Responding to client with driver.findElement() result: {"ELEMENT":"85"}
[HTTP] <-- POST /wd/hub/session/6d28dc6e-8969-495c-9f05-2f1e2144267d/element 200 12881 ms - 88 
[HTTP] --> POST /wd/hub/session/6d28dc6e-8969-495c-9f05-2f1e2144267d/element {"using":"id","value":"com.climate.farmrise:id/sorry_txt"}
[debug] [MJSONWP] Calling AppiumDriver.findElement() with args: ["id","com.climate.farmrise:id/sorry_txt","6d28dc6e-8969-495c-9f05-2f1e2144267d"]
[debug] [BaseDriver] Valid locator strategies for this request: xpath, id, class name, accessibility id, -android uiautomator
[debug] [BaseDriver] Valid locator strategies for this request: xpath, id, class name, accessibility id, -android uiautomator
[debug] [BaseDriver] Waiting up to 80000 ms for condition
[debug] [AndroidBootstrap] Sending command to android: {"cmd":"action","action":"find","params":{"strategy":"id","selector":"com.climate.farmrise:id/sorry_txt","context":"","multiple":false}}
[debug] [AndroidBootstrap] [BOOTSTRAP LOG] [debug] Got data from client: {"cmd":"action","action":"find","params":{"strategy":"id","selector":"com.climate.farmrise:id/sorry_txt","context":"","multiple":false}}
[debug] [AndroidBootstrap] [BOOTSTRAP LOG] [debug] Got command of type ACTION
[debug] [AndroidBootstrap] [BOOTSTRAP LOG] [debug] Got command action: find
[debug] [AndroidBootstrap] [BOOTSTRAP LOG] [debug] Finding 'com.climate.farmrise:id/sorry_txt' using 'ID' with the contextId: '' multiple: false
[debug] [AndroidBootstrap] [BOOTSTRAP LOG] [debug] Using: UiSelector[INSTANCE=0, RESOURCE_ID=com.climate.farmrise:id/sorry_txt]
[debug] [AndroidBootstrap] [BOOTSTRAP LOG] [debug] Returning result: {"status":0,"value":{"ELEMENT":"86"}}
[debug] [AndroidBootstrap] Received command result from bootstrap
[debug] [MJSONWP] Responding to client with driver.findElement() result: {"ELEMENT":"86"}
[HTTP] <-- POST /wd/hub/session/6d28dc6e-8969-495c-9f05-2f1e2144267d/element 200 38 ms - 88 
[HTTP] --> POST /wd/hub/session/6d28dc6e-8969-495c-9f05-2f1e2144267d/element {"using":"id","value":"com.climate.farmrise:id/sorry_txt"}
[debug] [MJSONWP] Calling AppiumDriver.findElement() with args: ["id","com.climate.farmrise:id/sorry_txt","6d28dc6e-8969-495c-9f05-2f1e2144267d"]
[debug] [BaseDriver] Valid locator strategies for this request: xpath, id, class name, accessibility id, -android uiautomator
[debug] [BaseDriver] Valid locator strategies for this request: xpath, id, class name, accessibility id, -android uiautomator
[debug] [BaseDriver] Waiting up to 80000 ms for condition
[debug] [AndroidBootstrap] Sending command to android: {"cmd":"action","action":"find","params":{"strategy":"id","selector":"com.climate.farmrise:id/sorry_txt","context":"","multiple":false}}
[debug] [AndroidBootstrap] [BOOTSTRAP LOG] [debug] Got data from client: {"cmd":"action","action":"find","params":{"strategy":"id","selector":"com.climate.farmrise:id/sorry_txt","context":"","multiple":false}}
[debug] [AndroidBootstrap] [BOOTSTRAP LOG] [debug] Got command of type ACTION
[debug] [AndroidBootstrap] [BOOTSTRAP LOG] [debug] Got command action: find
[debug] [AndroidBootstrap] [BOOTSTRAP LOG] [debug] Finding 'com.climate.farmrise:id/sorry_txt' using 'ID' with the contextId: '' multiple: false
[debug] [AndroidBootstrap] [BOOTSTRAP LOG] [debug] Using: UiSelector[INSTANCE=0, RESOURCE_ID=com.climate.farmrise:id/sorry_txt]
[debug] [AndroidBootstrap] [BOOTSTRAP LOG] [debug] Returning result: {"status":0,"value":{"ELEMENT":"87"}}
[debug] [AndroidBootstrap] Received command result from bootstrap
[debug] [MJSONWP] Responding to client with driver.findElement() result: {"ELEMENT":"87"}
[HTTP] <-- POST /wd/hub/session/6d28dc6e-8969-495c-9f05-2f1e2144267d/element 200 28 ms - 88 
[HTTP] --> GET /wd/hub/session/6d28dc6e-8969-495c-9f05-2f1e2144267d/element/87/text {}
[debug] [MJSONWP] Calling AppiumDriver.getText() with args: ["87","6d28dc6e-8969-495c-9f05-2f1e2144267d"]
[debug] [AndroidBootstrap] Sending command to android: {"cmd":"action","action":"element:getText","params":{"elementId":"87"}}
[debug] [AndroidBootstrap] [BOOTSTRAP LOG] [debug] Got data from client: {"cmd":"action","action":"element:getText","params":{"elementId":"87"}}
[debug] [AndroidBootstrap] [BOOTSTRAP LOG] [debug] Got command of type ACTION
[debug] [AndroidBootstrap] [BOOTSTRAP LOG] [debug] Got command action: getText
[debug] [AndroidBootstrap] [BOOTSTRAP LOG] [debug] Returning result: {"status":0,"value":"We're sorry!"}
[debug] [AndroidBootstrap] Received command result from bootstrap
[debug] [MJSONWP] Responding to client wi]]></system-out>
  </testcase>
</testsuite>