-------------------------------------------------------------------------------
Test set: TestSuite
-------------------------------------------------------------------------------
Tests run: 6, Failures: 3, Errors: 0, Skipped: 0, Time elapsed: 309.547 sec <<< FAILURE!
verifyAppTimeAgainstSystemTime(com.monsanto.TestScripts.TestScriptFarmRise)  Time elapsed: 97.873 sec  <<< FAILURE!
java.lang.AssertionError: expected [false] but found [true]
	at org.testng.Assert.fail(Assert.java:94)
	at org.testng.Assert.failNotEquals(Assert.java:494)
	at org.testng.Assert.assertFalse(Assert.java:63)
	at org.testng.Assert.assertFalse(Assert.java:73)
	at com.monsanto.PageHelper.FarmRisePageHelper.scrollHorizontally(FarmRisePageHelper.java:258)
	at com.monsanto.PageHelper.FarmRisePageHelper.verifyHours(FarmRisePageHelper.java:229)
	at com.monsanto.TestScripts.TestScriptFarmRise.verifyAppTimeAgainstSystemTime(TestScriptFarmRise.java:39)

tapOnLoadMoreSchemesButton(com.monsanto.TestScripts.TestScriptFarmRise)  Time elapsed: 83.612 sec  <<< FAILURE!
java.lang.AssertionError: expected [false] but found [true]
	at org.testng.Assert.fail(Assert.java:94)
	at org.testng.Assert.failNotEquals(Assert.java:494)
	at org.testng.Assert.assertFalse(Assert.java:63)
	at org.testng.Assert.assertFalse(Assert.java:73)
	at com.monsanto.PageHelper.FarmRisePageHelper.scrollTillVisibleElement(FarmRisePageHelper.java:319)
	at com.monsanto.TestScripts.TestScriptFarmRise.tapOnLoadMoreSchemesButton(TestScriptFarmRise.java:59)

searchForKeyword(com.monsanto.TestScripts.TestScriptFarmRise)  Time elapsed: 25.323 sec  <<< FAILURE!
java.lang.AssertionError: expected [false] but found [true]
	at org.testng.Assert.fail(Assert.java:94)
	at org.testng.Assert.failNotEquals(Assert.java:494)
	at org.testng.Assert.assertFalse(Assert.java:63)
	at org.testng.Assert.assertFalse(Assert.java:73)
	at com.monsanto.PageHelper.FarmRisePageHelper.verifyTheResult(FarmRisePageHelper.java:370)
	at com.monsanto.TestScripts.TestScriptFarmRise.searchForKeyword(TestScriptFarmRise.java:70)

