<?xml version="1.0" encoding="UTF-8"?>
<testng-results skipped="0" failed="0" total="1" passed="1">
  <reporter-output>
    <line>
      <![CDATA[<font color='blue'>Start execution of Test Method 'searchForShipment'</font>]]>
    </line>
    <line>
      <![CDATA[<img src="file://C:\Users\Ahmer\Centralize\Appium\MaerskAssignment\attachedScreenshot\landingScreen08-47-20-02-47-18.png" alt="" width='300' height='500'/>]]>
    </line>
    <line>
      <![CDATA[<font color='green'>Tap on 'Schedule' tab.</font>]]>
    </line>
    <line>
      <![CDATA[<img src="file://C:\Users\Ahmer\Centralize\Appium\MaerskAssignment\attachedScreenshot\fromfield08-47-20-02-47-22.png" alt="" width='300' height='500'/>]]>
    </line>
    <line>
      <![CDATA[<font color='green'>Tap on 'From' field.</font>]]>
    </line>
    <line>
      <![CDATA[<img src="file://C:\Users\Ahmer\Centralize\Appium\MaerskAssignment\attachedScreenshot\searchField108-47-20-02-47-24.png" alt="" width='300' height='500'/>]]>
    </line>
    <line>
      <![CDATA[<font color='green'>Enter 'Mundra' into search field.</font>]]>
    </line>
    <line>
      <![CDATA[<img src="file://C:\Users\Ahmer\Centralize\Appium\MaerskAssignment\attachedScreenshot\dropList108-47-20-02-47-27.png" alt="" width='300' height='500'/>]]>
    </line>
    <line>
      <![CDATA[<font color='green'>Tap on 'Mundra, GUJARAT' location from list.</font>]]>
    </line>
    <line>
      <![CDATA[<font color='green'>Tap on 'To' field.</font>]]>
    </line>
    <line>
      <![CDATA[<img src="file://C:\Users\Ahmer\Centralize\Appium\MaerskAssignment\attachedScreenshot\searchField108-47-20-02-47-31.png" alt="" width='300' height='500'/>]]>
    </line>
    <line>
      <![CDATA[<font color='green'>Enter 'Jebel' into search field.</font>]]>
    </line>
    <line>
      <![CDATA[<img src="file://C:\Users\Ahmer\Centralize\Appium\MaerskAssignment\attachedScreenshot\dropList108-47-20-02-47-35.png" alt="" width='300' height='500'/>]]>
    </line>
    <line>
      <![CDATA[<font color='green'>Tap on 'Jebel Ali' location from list.</font>]]>
    </line>
    <line>
      <![CDATA[<font color='green'>Tap on 'Search' button.</font>]]>
    </line>
    <line>
      <![CDATA[<img src="file://C:\Users\Ahmer\Centralize\Appium\MaerskAssignment\attachedScreenshot\sailingsText08-47-20-02-47-39.png" alt="" width='300' height='500'/>]]>
    </line>
    <line>
      <![CDATA[Sailings count: 4 sailings for]]>
    </line>
    <line>
      <![CDATA[<img src="file://C:\Users\Ahmer\Centralize\Appium\MaerskAssignment\attachedScreenshot\sailings08-47-20-02-47-41.png" alt="" width='300' height='500'/>]]>
    </line>
    <line>
      <![CDATA[<font color='green'>Available Ship: MARIANETTA 007W</font>]]>
    </line>
    <line>
      <![CDATA[<font color='green'>Available Ship: NORTHERN GENERAL 090W</font>]]>
    </line>
    <line>
      <![CDATA[<font color='green'>Available Ship: MARIANETTA 008W</font>]]>
    </line>
    <line>
      <![CDATA[<font color='green'>Correct source name is displayed.</font>]]>
    </line>
    <line>
      <![CDATA[<font color='green'>Correct destination name is displayed.</font>]]>
    </line>
  </reporter-output>
  <suite name="Maersk" duration-ms="46156" started-at="2020-06-08T09:16:57Z" finished-at="2020-06-08T09:17:44Z">
    <groups>
    </groups>
    <test name="HappyPath" duration-ms="46156" started-at="2020-06-08T09:16:57Z" finished-at="2020-06-08T09:17:44Z">
      <class name="com.maersk.TestScripts.TestScriptMaersk">
        <test-method status="PASS" signature="setUp(java.lang.String, java.lang.String, java.lang.String)[pri:0, instance:com.maersk.TestScripts.TestScriptMaersk@5f9d02cb]" name="setUp" is-config="true" duration-ms="16638" started-at="2020-06-08T14:46:57Z" finished-at="2020-06-08T14:47:14Z">
          <params>
            <param index="0">
              <value>
                <![CDATA[35ff88ab]]>
              </value>
            </param>
            <param index="1">
              <value>
                <![CDATA[10]]>
              </value>
            </param>
            <param index="2">
              <value>
                <![CDATA[base.apk]]>
              </value>
            </param>
          </params>
          <reporter-output>
          </reporter-output>
        </test-method> <!-- setUp -->
        <test-method status="PASS" signature="searchForShipment()[pri:0, instance:com.maersk.TestScripts.TestScriptMaersk@5f9d02cb]" name="searchForShipment" duration-ms="29490" started-at="2020-06-08T14:47:14Z" finished-at="2020-06-08T14:47:44Z">
          <reporter-output>
            <line>
              <![CDATA[<font color='blue'>Start execution of Test Method 'searchForShipment'</font>]]>
            </line>
            <line>
              <![CDATA[<img src="file://C:\Users\Ahmer\Centralize\Appium\MaerskAssignment\attachedScreenshot\landingScreen08-47-20-02-47-18.png" alt="" width='300' height='500'/>]]>
            </line>
            <line>
              <![CDATA[<font color='green'>Tap on 'Schedule' tab.</font>]]>
            </line>
            <line>
              <![CDATA[<img src="file://C:\Users\Ahmer\Centralize\Appium\MaerskAssignment\attachedScreenshot\fromfield08-47-20-02-47-22.png" alt="" width='300' height='500'/>]]>
            </line>
            <line>
              <![CDATA[<font color='green'>Tap on 'From' field.</font>]]>
            </line>
            <line>
              <![CDATA[<img src="file://C:\Users\Ahmer\Centralize\Appium\MaerskAssignment\attachedScreenshot\searchField108-47-20-02-47-24.png" alt="" width='300' height='500'/>]]>
            </line>
            <line>
              <![CDATA[<font color='green'>Enter 'Mundra' into search field.</font>]]>
            </line>
            <line>
              <![CDATA[<img src="file://C:\Users\Ahmer\Centralize\Appium\MaerskAssignment\attachedScreenshot\dropList108-47-20-02-47-27.png" alt="" width='300' height='500'/>]]>
            </line>
            <line>
              <![CDATA[<font color='green'>Tap on 'Mundra, GUJARAT' location from list.</font>]]>
            </line>
            <line>
              <![CDATA[<font color='green'>Tap on 'To' field.</font>]]>
            </line>
            <line>
              <![CDATA[<img src="file://C:\Users\Ahmer\Centralize\Appium\MaerskAssignment\attachedScreenshot\searchField108-47-20-02-47-31.png" alt="" width='300' height='500'/>]]>
            </line>
            <line>
              <![CDATA[<font color='green'>Enter 'Jebel' into search field.</font>]]>
            </line>
            <line>
              <![CDATA[<img src="file://C:\Users\Ahmer\Centralize\Appium\MaerskAssignment\attachedScreenshot\dropList108-47-20-02-47-35.png" alt="" width='300' height='500'/>]]>
            </line>
            <line>
              <![CDATA[<font color='green'>Tap on 'Jebel Ali' location from list.</font>]]>
            </line>
            <line>
              <![CDATA[<font color='green'>Tap on 'Search' button.</font>]]>
            </line>
            <line>
              <![CDATA[<img src="file://C:\Users\Ahmer\Centralize\Appium\MaerskAssignment\attachedScreenshot\sailingsText08-47-20-02-47-39.png" alt="" width='300' height='500'/>]]>
            </line>
            <line>
              <![CDATA[Sailings count: 4 sailings for]]>
            </line>
            <line>
              <![CDATA[<img src="file://C:\Users\Ahmer\Centralize\Appium\MaerskAssignment\attachedScreenshot\sailings08-47-20-02-47-41.png" alt="" width='300' height='500'/>]]>
            </line>
            <line>
              <![CDATA[<font color='green'>Available Ship: MARIANETTA 007W</font>]]>
            </line>
            <line>
              <![CDATA[<font color='green'>Available Ship: NORTHERN GENERAL 090W</font>]]>
            </line>
            <line>
              <![CDATA[<font color='green'>Available Ship: MARIANETTA 008W</font>]]>
            </line>
            <line>
              <![CDATA[<font color='green'>Correct source name is displayed.</font>]]>
            </line>
            <line>
              <![CDATA[<font color='green'>Correct destination name is displayed.</font>]]>
            </line>
          </reporter-output>
        </test-method> <!-- searchForShipment -->
        <test-method status="PASS" signature="afterEachTestMethod(org.testng.ITestResult)[pri:0, instance:com.maersk.TestScripts.TestScriptMaersk@5f9d02cb]" name="afterEachTestMethod" is-config="true" duration-ms="0" started-at="2020-06-08T14:47:44Z" finished-at="2020-06-08T14:47:44Z">
          <params>
            <param index="0">
              <value>
                <![CDATA[[TestResult name=searchForShipment status=SUCCESS method=TestScriptMaersk.searchForShipment()[pri:0, instance:com.maersk.TestScripts.TestScriptMaersk@5f9d02cb] output=<font color='blue'>Start execution of Test Method 'searchForShipment'</font>]]]>
              </value>
            </param>
          </params>
          <reporter-output>
          </reporter-output>
        </test-method> <!-- afterEachTestMethod -->
        <test-method status="PASS" signature="aftertest()[pri:0, instance:com.maersk.TestScripts.TestScriptMaersk@5f9d02cb]" name="aftertest" is-config="true" duration-ms="1" started-at="2020-06-08T14:47:44Z" finished-at="2020-06-08T14:47:44Z">
          <reporter-output>
          </reporter-output>
        </test-method> <!-- aftertest -->
      </class> <!-- com.maersk.TestScripts.TestScriptMaersk -->
    </test> <!-- HappyPath -->
  </suite> <!-- Maersk -->
</testng-results>
